32 0.001666
160 0.001717
288 0.001905
416 0.001714
544 0.001878
672 0.001954
800 0.001924
928 0.001900
1056 0.001964
1184 0.001880
1312 0.002036
1440 0.001972
1568 0.002080
1696 0.001946
1824 0.001984
1952 0.002021
2080 0.002072
2208 0.002026
2336 0.002017
2464 0.002020
2592 0.002056
2720 0.002020
2848 0.002120
2976 0.007024
3104 0.005180
3232 0.007359
3360 0.007272
3488 0.007143
3616 0.007481
3744 0.007022
3872 0.007255
4000 0.010767
4128 0.007377
4256 0.007244
4384 0.007227
4512 0.007261
4640 0.007174
