1 0 0.000838
2 0 0.001505
3 0 0.002276
4 0 0.002774
5 0 0.003515
6 0 0.004239
7 0 0.005076
8 0 0.005785
9 0 0.006354
10 0 0.007153
11 0 0.007702
12 0 0.008586
13 0 0.009498
14 0 0.010115
15 0 0.010713
16 0 0.011321
17 0 0.012366
18 0 0.013020
19 0 0.013621
20 0 0.014245
21 0 0.014728
22 0 0.021423
23 0 0.021953
24 0 0.022397
25 0 0.028625
26 0 0.029098
27 0 0.029712
28 0 0.030133
29 0 0.030720
30 0 0.031548
31 0 0.032250
32 0 0.034007
33 0 0.034461
34 0 0.035105
35 0 0.035667
36 0 0.036494
37 0 0.037122
38 0 0.038155
39 0 0.038983
40 0 0.039690
41 0 0.040403
42 0 0.043409
43 0 0.044115
44 0 0.044879
45 0 0.045571
46 0 0.046183
47 0 0.046798
48 0 0.047482
49 0 0.051658
50 0 0.052425
51 0 0.053085
52 0 0.053787
53 0 0.054388
54 0 0.058110
55 0 0.058733
56 0 0.059319
57 0 0.059898
58 0 0.060552
59 0 0.061225
60 0 0.061811
61 0 0.062484
62 0 0.063091
63 0 0.063833
63 1 0.064383
63 2 0.064857
64 2 0.065797
64 3 0.066372
65 3 0.066913
65 4 0.067595
65 5 0.068251
65 6 0.069001
65 7 0.069699
65 8 0.070420
65 9 0.071143
66 9 0.071775
67 9 0.072718
68 9 0.073527
69 9 0.074257
70 9 0.079283
70 10 0.080126
71 10 0.080599
72 10 0.081171
73 10 0.081748
74 10 0.085050
75 10 0.085769
76 10 0.086373
77 10 0.086815
78 10 0.087423
79 10 0.088021
79 11 0.088712
80 11 0.089372
81 11 0.090147
82 11 0.090852
83 11 0.091501
84 11 0.092121
85 11 0.092980
86 11 0.093685
87 11 0.094348
88 11 0.095090
89 11 0.095694
90 11 0.096305
91 11 0.096934
92 11 0.097503
93 11 0.098047
94 11 0.098512
95 11 0.099069
96 11 0.099836
97 11 0.100497
98 11 0.101389
99 11 0.102246
100 11 0.103434
101 11 0.104067
102 11 0.104672
103 11 0.105222
104 11 0.106166
105 11 0.106909
106 11 0.107622
107 11 0.108235
108 11 0.109148
109 11 0.109666
109 12 0.110406
109 13 0.111017
109 14 0.111537
110 14 0.112142
110 15 0.112701
110 16 0.113430
111 16 0.114244
112 16 0.114941
112 17 0.115746
113 17 0.116328
114 17 0.118549
114 18 0.119166
115 18 0.119930
115 19 0.122008
116 19 0.122842
117 19 0.123504
117 20 0.124490
118 20 0.125092
119 20 0.129134
120 20 0.129886
120 21 0.130449
121 21 0.131177
122 21 0.132005
123 21 0.132834
123 22 0.133594
124 22 0.134542
124 23 0.135315
124 24 0.136276
124 25 0.137063
124 26 0.137593
125 26 0.138072
125 27 0.140829
126 27 0.141552
126 28 0.142155
127 28 0.142618
127 29 0.143316
128 29 0.143940
129 29 0.144427
130 29 0.145158
131 29 0.145840
131 30 0.146542
132 30 0.147233
133 30 0.147903
134 30 0.148634
135 30 0.149271
136 30 0.149828
137 30 0.150655
137 31 0.151780
137 32 0.152456
138 32 0.152891
139 32 0.154706
140 32 0.155578
141 32 0.156136
142 32 0.156719
142 33 0.157326
143 33 0.157979
143 34 0.158950
144 34 0.159672
145 34 0.166428
146 34 0.167072
147 34 0.167617
148 34 0.168110
149 34 0.168819
150 34 0.202888
151 34 0.203771
152 34 0.204473
153 34 0.205228
154 34 0.205848
155 34 0.206345
156 34 0.207060
157 34 0.214149
158 34 0.214868
159 34 0.215650
160 34 0.216439
161 34 0.217285
162 34 0.218045
163 34 0.222785
164 34 0.223449
164 35 0.224130
165 35 0.224628
166 35 0.225325
167 35 0.226147
168 35 0.230542
169 35 0.231206
170 35 0.231746
171 35 0.232424
172 35 0.232977
173 35 0.233754
174 35 0.234528
175 35 0.235213
176 35 0.235792
177 35 0.236778
178 35 0.237709
179 35 0.238257
180 35 0.238693
180 36 0.239139
181 36 0.239560
182 36 0.240135
183 36 0.245932
184 36 0.246807
185 36 0.247603
185 37 0.248422
186 37 0.248942
187 37 0.257099
187 38 0.260665
187 39 0.261261
188 39 0.261911
188 40 0.262630
188 41 0.263302
189 41 0.263838
190 41 0.264445
191 41 0.265099
191 42 0.265457
192 42 0.266272
193 42 0.266956
193 43 0.267699
193 44 0.268291
194 44 0.268959
195 44 0.269760
195 45 0.270292
196 45 0.270884
197 45 0.271566
198 45 0.272022
199 45 0.272617
200 45 0.273388
201 45 0.273948
202 45 0.274590
202 46 0.275083
203 46 0.275810
204 46 0.276606
205 46 0.277370
206 46 0.277948
207 46 0.278639
208 46 0.279396
209 46 0.279892
210 46 0.280855
211 46 0.283052
212 46 0.285346
212 47 0.285984
213 47 0.286756
214 47 0.287279
215 47 0.288122
216 47 0.288633
217 47 0.289216
218 47 0.289996
219 47 0.290496
220 47 0.294358
221 47 0.295036
222 47 0.295768
223 47 0.296683
224 47 0.297247
225 47 0.298180
226 47 0.298878
227 47 0.299618
228 47 0.300294
229 47 0.300973
230 47 0.301445
231 47 0.301975
232 47 0.302567
233 47 0.303423
234 47 0.304005
235 47 0.304516
236 47 0.305155
237 47 0.305664
238 47 0.306460
239 47 0.307310
240 47 0.308081
241 47 0.308768
242 47 0.309180
243 47 0.309990
244 47 0.310597
245 47 0.311219
246 47 0.311739
247 47 0.313949
247 48 0.314599
248 48 0.316027
249 48 0.316911
250 48 0.320309
251 48 0.320961
251 49 0.321606
252 49 0.322367
253 49 0.323266
253 50 0.325486
253 51 0.326138
254 51 0.326952
255 51 0.327881
256 51 0.328957
257 51 0.329642
258 51 0.330104
259 51 0.331180
260 51 0.331724
261 51 0.333401
262 51 0.334081
263 51 0.338896
264 51 0.340381
265 51 0.341111
266 51 0.342151
267 51 0.343065
268 51 0.348826
269 51 0.349503
270 51 0.353231
271 51 0.353769
272 51 0.354466
273 51 0.355139
274 51 0.357403
275 51 0.358019
276 51 0.358789
277 51 0.359563
278 51 0.360163
279 51 0.360961
280 51 0.361629
281 51 0.362354
282 51 0.363166
283 51 0.363899
284 51 0.364607
285 51 0.365237
286 51 0.366054
287 51 0.366906
288 51 0.367715
289 51 0.375068
290 51 0.375800
291 51 0.376497
292 51 0.377812
293 51 0.378585
294 51 0.379368
295 51 0.380134
296 51 0.380846
296 52 0.381664
297 52 0.382683
298 52 0.383355
299 52 0.384184
300 52 0.384985
301 52 0.387524
302 52 0.388249
303 52 0.388830
304 52 0.389541
305 52 0.390236
305 53 0.391014
306 53 0.391588
307 53 0.392291
308 53 0.393549
309 53 0.395839
310 53 0.396650
311 53 0.397418
312 53 0.398301
313 53 0.399037
314 53 0.399917
315 53 0.400694
316 53 0.401217
317 53 0.401939
318 53 0.402842
319 53 0.405092
320 53 0.406188
321 53 0.406873
322 53 0.407586
323 53 0.408440
324 53 0.409233
325 53 0.410109
326 53 0.411662
327 53 0.412535
328 53 0.413275
329 53 0.414104
330 53 0.414803
331 53 0.417247
332 53 0.418001
333 53 0.418592
334 53 0.419347
334 54 0.426094
334 55 0.426747
334 56 0.427430
335 56 0.428005
336 56 0.428688
337 56 0.429307
338 56 0.431698
339 56 0.432266
340 56 0.432799
341 56 0.433592
341 57 0.434341
342 57 0.434845
343 57 0.435393
344 57 0.435921
345 57 0.436549
346 57 0.437345
347 57 0.438103
348 57 0.438839
349 57 0.439552
350 57 0.440312
351 57 0.441079
352 57 0.441838
353 57 0.442561
354 57 0.443168
355 57 0.443907
356 57 0.444595
357 57 0.445246
358 57 0.446134
359 57 0.446975
360 57 0.449818
361 57 0.450698
362 57 0.451403
363 57 0.452250
364 57 0.452975
365 57 0.453702
366 57 0.454521
367 57 0.455204
368 57 0.456010
369 57 0.456603
370 57 0.457349
371 57 0.458223
371 58 0.458984
372 58 0.459765
373 58 0.460459
374 58 0.461044
374 59 0.461668
375 59 0.462364
376 59 0.463048
377 59 0.464312
378 59 0.465237
379 59 0.465967
379 60 0.466608
380 60 0.468116
380 61 0.468771
381 61 0.469452
382 61 0.470125
383 61 0.470778
384 61 0.471569
385 61 0.472418
386 61 0.473183
387 61 0.473940
388 61 0.474689
389 61 0.475416
389 62 0.476144
390 62 0.476893
391 62 0.477516
392 62 0.478380
393 62 0.479315
394 62 0.479857
394 63 0.480706
394 64 0.481382
395 64 0.482275
396 64 0.483203
397 64 0.484124
398 64 0.490998
399 64 0.492137
400 64 0.492998
401 64 0.493722
401 65 0.494692
402 65 0.495245
403 65 0.495842
404 65 0.496323
405 65 0.496895
406 65 0.497424
407 65 0.498153
408 65 0.498829
408 66 0.499346
409 66 0.500067
410 66 0.500823
411 66 0.501575
412 66 0.502400
413 66 0.503193
414 66 0.505609
415 66 0.506785
416 66 0.507562
417 66 0.508389
418 66 0.509166
419 66 0.509975
420 66 0.510530
421 66 0.511195
422 66 0.511951
423 66 0.513284
424 66 0.513835
425 66 0.514612
426 66 0.515296
427 66 0.516621
428 66 0.517383
429 66 0.517951
429 67 0.518537
430 67 0.518985
431 67 0.521410
432 67 0.525221
433 67 0.525798
434 67 0.527072
434 68 0.527805
435 68 0.528377
436 68 0.529099
437 68 0.529595
437 69 0.530339
438 69 0.531273
439 69 0.531905
440 69 0.532572
441 69 0.533272
442 69 0.533758
443 69 0.534560
444 69 0.535236
445 69 0.535940
446 69 0.538293
446 70 0.541735
447 70 0.545885
448 70 0.546528
448 71 0.547584
449 71 0.548555
450 71 0.549469
451 71 0.553656
452 71 0.556213
452 72 0.556796
453 72 0.557615
454 72 0.558408
455 72 0.559294
456 72 0.560070
457 72 0.560813
458 72 0.561484
459 72 0.562245
460 72 0.562989
461 72 0.564206
462 72 0.565009
463 72 0.565723
464 72 0.566411
465 72 0.571618
466 72 0.572386
467 72 0.573119
468 72 0.573775
469 72 0.574610
470 72 0.575434
471 72 0.576171
472 72 0.576806
473 72 0.577737
474 72 0.578399
474 73 0.579039
475 73 0.579955
476 73 0.583865
477 73 0.584804
477 74 0.585545
478 74 0.586284
479 74 0.587695
480 74 0.590758
480 75 0.591394
481 75 0.592074
482 75 0.592758
483 75 0.593461
484 75 0.595212
485 75 0.595990
486 75 0.596675
486 76 0.597417
487 76 0.598408
488 76 0.599110
489 76 0.601051
490 76 0.601738
491 76 0.602630
492 76 0.605259
493 76 0.606116
494 76 0.606879
495 76 0.607537
496 76 0.608169
497 76 0.608922
498 76 0.610022
499 76 0.610577
500 76 0.611310
501 76 0.613754
501 77 0.614426
502 77 0.615051
503 77 0.615841
504 77 0.616414
505 77 0.617202
506 77 0.617794
507 77 0.618545
508 77 0.619236
509 77 0.619798
510 77 0.620543
511 77 0.621532
512 77 0.621952
513 77 0.622519
514 77 0.623271
515 77 0.624005
516 77 0.624810
517 77 0.625558
518 77 0.626350
519 77 0.626947
520 77 0.627487
521 77 0.628240
521 78 0.629116
522 78 0.629739
523 78 0.630350
523 79 0.631113
524 79 0.631834
525 79 0.632572
526 79 0.637856
526 80 0.638484
527 80 0.639317
528 80 0.640126
529 80 0.641037
530 80 0.643462
531 80 0.644170
532 80 0.644737
533 80 0.645600
534 80 0.646339
535 80 0.646935
536 80 0.647744
536 81 0.648494
537 81 0.649504
538 81 0.650247
539 81 0.650937
540 81 0.651792
541 81 0.652598
542 81 0.653164
543 81 0.653975
544 81 0.654622
545 81 0.656298
546 81 0.656810
546 82 0.657578
547 82 0.658228
548 82 0.658962
549 82 0.659479
550 82 0.660209
551 82 0.660682
552 82 0.663171
553 82 0.663852
554 82 0.664646
555 82 0.665328
556 82 0.665879
557 82 0.666602
558 82 0.667292
558 83 0.673779
559 83 0.674425
560 83 0.674981
561 83 0.675568
562 83 0.676093
563 83 0.676778
564 83 0.677545
565 83 0.678259
566 83 0.679042
567 83 0.679703
568 83 0.680459
569 83 0.681088
570 83 0.681572
571 83 0.682155
572 83 0.682700
573 83 0.683409
573 84 0.684100
574 84 0.684848
575 84 0.685556
576 84 0.686451
577 84 0.687149
578 84 0.687800
579 84 0.688477
580 84 0.689125
581 84 0.689783
582 84 0.691696
583 84 0.692600
584 84 0.693514
585 84 0.694296
585 85 0.694855
586 85 0.695845
586 86 0.696610
587 86 0.697248
588 86 0.697918
589 86 0.698380
590 86 0.698998
591 86 0.699756
592 86 0.700349
593 86 0.701125
594 86 0.701727
595 86 0.702370
595 87 0.703047
596 87 0.704005
597 87 0.704614
598 87 0.705174
599 87 0.705854
600 87 0.706754
600 88 0.707187
601 88 0.709142
602 88 0.710013
603 88 0.711266
604 88 0.712041
605 88 0.714491
606 88 0.715226
607 88 0.716106
607 89 0.716690
608 89 0.717617
609 89 0.718276
610 89 0.725801
611 89 0.726448
612 89 0.727099
612 90 0.727509
612 91 0.730382
613 91 0.731090
614 91 0.731796
615 91 0.732538
616 91 0.733383
616 92 0.734059
617 92 0.734734
618 92 0.735462
619 92 0.736294
619 93 0.736999
620 93 0.737845
620 94 0.738580
620 95 0.739560
621 95 0.740220
622 95 0.740798
623 95 0.741337
623 96 0.742065
624 96 0.742698
625 96 0.743194
625 97 0.743831
626 97 0.744634
627 97 0.745585
628 97 0.746410
628 98 0.747001
628 99 0.747813
628 100 0.748636
629 100 0.749400
630 100 0.750584
631 100 0.751155
632 100 0.751804
633 100 0.752303
634 100 0.753127
634 101 0.753707
634 102 0.754255
635 102 0.755103
635 103 0.755941
636 103 0.756462
636 104 0.757234
637 104 0.757927
637 105 0.758455
638 105 0.759045
639 105 0.761798
640 105 0.762453
641 105 0.763559
642 105 0.764395
643 105 0.765160
644 105 0.765873
645 105 0.766721
646 105 0.767375
647 105 0.768196
648 105 0.768894
649 105 0.769711
650 105 0.770283
651 105 0.770797
652 105 0.771329
653 105 0.771888
654 105 0.772604
655 105 0.773277
655 106 0.773804
655 107 0.774350
656 107 0.775556
657 107 0.776197
657 108 0.776669
657 109 0.777319
657 110 0.777746
658 110 0.778204
658 111 0.779054
659 111 0.779781
659 112 0.780396
659 113 0.781033
659 114 0.781714
659 115 0.782347
659 116 0.782855
660 116 0.783417
660 117 0.785367
661 117 0.785996
661 118 0.786649
661 119 0.787163
662 119 0.787696
663 119 0.788259
664 119 0.788813
665 119 0.789203
666 119 0.790318
667 119 0.791048
668 119 0.800921
669 119 0.801634
670 119 0.802400
671 119 0.803014
672 119 0.803672
673 119 0.804387
674 119 0.805198
675 119 0.807101
676 119 0.807793
677 119 0.808230
678 119 0.808955
679 119 0.812908
680 119 0.813621
681 119 0.814338
682 119 0.814811
683 119 0.815532
683 120 0.816378
684 120 0.817182
685 120 0.817892
686 120 0.818596
687 120 0.819161
688 120 0.819816
689 120 0.820673
690 120 0.821415
691 120 0.822026
692 120 0.822800
693 120 0.823712
694 120 0.824391
695 120 0.825105
696 120 0.825730
697 120 0.826475
697 121 0.827264
698 121 0.827993
699 121 0.828747
700 121 0.829386
701 121 0.830347
702 121 0.833441
703 121 0.835620
704 121 0.836243
705 121 0.836950
706 121 0.837548
707 121 0.838060
708 121 0.838635
709 121 0.839301
710 121 0.841426
711 121 0.841795
712 121 0.842554
713 121 0.843196
714 121 0.843748
714 122 0.844441
715 122 0.851820
716 122 0.852573
717 122 0.853190
718 122 0.853918
719 122 0.854639
720 122 0.855390
721 122 0.856047
721 123 0.857810
721 124 0.858453
722 124 0.859091
723 124 0.859798
724 124 0.860507
725 124 0.861270
726 124 0.862084
726 125 0.864627
727 125 0.865356
727 126 0.865948
728 126 0.866630
729 126 0.867135
730 126 0.867763
731 126 0.872716
732 126 0.873382
732 127 0.874021
733 127 0.874624
734 127 0.875313
735 127 0.875976
735 128 0.876704
735 129 0.877325
735 130 0.881999
735 131 0.882881
735 132 0.883592
736 132 0.884139
736 133 0.884971
736 134 0.885754
736 135 0.886496
737 135 0.887280
737 136 0.887953
737 137 0.888511
737 138 0.889081
737 139 0.889875
737 140 0.890688
737 141 0.891374
737 142 0.892179
737 143 0.892831
738 143 0.893464
739 143 0.893955
740 143 0.894563
740 144 0.895113
740 145 0.895706
740 146 0.896233
740 147 0.896873
740 148 0.897460
740 149 0.898079
741 149 0.898534
741 150 0.899289
742 150 0.900259
742 151 0.900889
742 152 0.901698
742 153 0.902242
742 154 0.902825
742 155 0.903345
742 156 0.903946
743 156 0.904383
744 156 0.904930
745 156 0.906276
746 156 0.906886
747 156 0.907444
748 156 0.907990
749 156 0.908605
750 156 0.909772
751 156 0.910439
752 156 0.912186
753 156 0.912754
754 156 0.913471
755 156 0.914045
756 156 0.914627
757 156 0.915266
758 156 0.915937
759 156 0.916751
760 156 0.917359
761 156 0.918214
762 156 0.918651
763 156 0.919321
764 156 0.919913
764 157 0.922472
765 157 0.922873
766 157 0.923382
767 157 0.923953
768 157 0.927354
769 157 0.927914
770 157 0.928631
771 157 0.929240
772 157 0.929861
772 158 0.930546
773 158 0.931237
774 158 0.932004
775 158 0.932676
776 158 0.933343
777 158 0.934290
777 159 0.935179
778 159 0.941899
779 159 0.942530
780 159 0.943297
780 160 0.944359
781 160 0.944885
781 161 0.945401
781 162 0.945915
782 162 0.946626
783 162 0.947037
783 163 0.947749
784 163 0.948485
785 163 0.949044
786 163 0.949606
787 163 0.950321
787 164 0.951038
788 164 0.951716
789 164 0.952370
789 165 0.953190
789 166 0.953976
790 166 0.954656
791 166 0.955482
792 166 0.956107
793 166 0.956692
794 166 0.957256
794 167 0.958053
795 167 0.960302
795 168 0.960840
796 168 0.961458
797 168 0.962051
797 169 0.962696
797 170 0.963348
798 170 0.964080
799 170 0.964765
799 171 0.965570
800 171 0.966770
801 171 0.967692
802 171 0.968293
803 171 0.969037
804 171 0.970086
805 171 0.976005
806 171 0.976409
807 171 0.977082
808 171 0.977716
809 171 0.978279
809 172 0.978818
810 172 0.979528
811 172 0.980672
811 173 0.981432
812 173 0.981824
813 173 0.982422
814 173 0.983453
815 173 0.983996
816 173 0.984670
817 173 0.985234
817 174 0.985914
817 175 0.986608
818 175 0.987298
819 175 0.988074
820 175 0.988791
821 175 0.989638
822 175 0.990100
823 175 0.990506
824 175 0.993475
825 175 0.994083
