1024 0.006038
3072 0.008543
5120 0.010381
7168 0.012458
9216 0.013210
11264 0.014493
13312 0.015097
15360 0.017060
17408 0.017634
19456 0.019104
21504 0.022122
23552 0.022496
25600 0.022601
27648 0.024077
29696 0.024893
31744 0.025401
33792 0.027889
35840 0.029860
37888 0.030201
39936 0.031246
41984 0.033061
44032 0.033630
46080 0.034592
48128 0.036172
50176 0.038436
52224 0.037585
54272 0.038977
56320 0.041446
58368 0.041478
60416 0.042953
62464 0.042461
64512 0.044510
66560 0.046164
68608 0.049434
70656 0.052237
72704 0.049990
74752 0.050861
76800 0.054584
78848 0.053032
80896 0.054273
82944 0.054436
84992 0.057857
87040 0.057346
89088 0.059450
91136 0.059351
93184 0.061714
95232 0.061901
97280 0.062794
99328 0.066284
101376 0.065325
103424 0.066601
105472 0.067873
107520 0.068886
109568 0.069094
111616 0.070586
113664 0.070346
115712 0.072552
117760 0.074769
119808 0.073535
121856 0.075946
123904 0.076450
125952 0.077511
128000 0.078978
130048 0.080216
