1024 0.000791
3072 0.000770
5120 0.000792
7168 0.000753
9216 0.000803
11264 0.000908
13312 0.000787
15360 0.000869
17408 0.000856
19456 0.001141
21504 0.000923
23552 0.001090
25600 0.000896
27648 0.000845
29696 0.001063
31744 0.000959
33792 0.000908
35840 0.001074
37888 0.001047
39936 0.001063
41984 0.001335
44032 0.000816
46080 0.001170
48128 0.001464
50176 0.001158
52224 0.001169
54272 0.001060
56320 0.001161
58368 0.001080
60416 0.001262
62464 0.001066
64512 0.000950
66560 0.001280
68608 0.001237
70656 0.001280
72704 0.001182
74752 0.001350
76800 0.001179
78848 0.001275
78848 0.001094
80896 0.001477
82944 0.001342
84992 0.001541
87040 0.001268
89088 0.001247
91136 0.001318
93184 0.001267
95232 0.001389
97280 0.001524
99328 0.001277
101376 0.001476
103424 0.001438
105472 0.001526
107520 0.001346
109568 0.001225
111616 0.001231
113664 0.001207
115712 0.001409
117760 0.001270
119808 0.001323
121856 0.001365
123904 0.001388
125952 0.001436
128000 0.001577
130048 0.001487
