1024 0.0031043
2048 0.0050538
3072 0.0069697000000000005
4096 0.008591899999999998
5120 0.0087842
6144 0.0093232
7168 0.009193400000000001
8192 0.010760499999999997
9216 0.012077599999999999
10240 0.0128487
11264 0.0137983
12288 0.015112400000000002
13312 0.0152559
14336 0.0160363
15360 0.017124900000000002
16384 0.0186229
17408 0.0182579
18432 0.018864400000000003
19456 0.0206463
20480 0.0217407
21504 0.0215133
22528 0.0233864
23552 0.0245104
24576 0.0244849
25600 0.0259584
26624 0.0255942
27648 0.0260378
28672 0.026941700000000002
29696 0.028824399999999993
30720 0.029276200000000002
31744 0.0306885
32768 0.031256299999999994
33792 0.031249500000000003
34816 0.031022099999999997
35840 0.0328981
36864 0.0340478
37888 0.0339358
38912 0.035679999999999996
39936 0.034565
40960 0.037556
41984 0.0362636
43008 0.0380862
44032 0.0386128
45056 0.041077999999999996
46080 0.0409471
47104 0.0408057
48128 0.0419308
49152 0.04552519999999999
50176 0.04330189999999999
51200 0.0448614
52224 0.0452169
53248 0.0458317
54272 0.04515
55296 0.04733609999999999
56320 0.047136899999999995
57344 0.052733300000000004
58368 0.0499163
59392 0.0501611
60416 0.0495602
61440 0.053205899999999993
62464 0.05165329999999999
63488 0.054363699999999994
64512 0.052919499999999994
65536 0.0590414
66560 0.053876
67584 0.056521600000000005
68608 0.055250200000000006
69632 0.05808339999999999
70656 0.057777
71680 0.05830040000000001
72704 0.058086700000000005
73728 0.06428580000000002
74752 0.059939900000000004
75776 0.060725699999999994
76800 0.0611572
77824 0.06482689999999999
78848 0.062103900000000004
79872 0.06357500000000002
80896 0.062685
81920 0.07160750000000002
82944 0.06695789999999999
83968 0.065833
84992 0.0662506
86016 0.0695074
87040 0.0679589
88064 0.0698272
89088 0.06799209999999999
90112 0.0744946
91136 0.0711094
92160 0.07070270000000001
93184 0.072938
94208 0.07314259999999999
95232 0.0729078
96256 0.07458719999999999
97280 0.0735189
98304 0.080332
99328 0.0753913
100352 0.07616720000000002
101376 0.0760358
102400 0.07750520000000001
103424 0.07833419999999999
104448 0.08042550000000001
105472 0.07988740000000001
106496 0.0870903
107520 0.08118220000000001
108544 0.0837447
109568 0.08217880000000002
110592 0.0845408
111616 0.0812749
112640 0.083618
113664 0.086103
114688 0.09553010000000002
115712 0.08336009999999999
116736 0.0870464
117760 0.088614
118784 0.0919552
119808 0.0891508
120832 0.0891256
121856 0.0905531
122880 0.09665599999999999
123904 0.0922906
124928 0.0913678
125952 0.0919408
126976 0.09589129999999998
128000 0.09521869999999999
129024 0.0942634
130048 0.0974679
131072 0.1046935
