32 0.001252
160 0.002086
288 0.001209
416 0.001407
544 0.001811
672 0.003556
800 0.002266
928 0.001866
1056 0.001898
1184 0.003875
1312 0.002546
1440 0.003165
1568 0.004595
1696 0.004591
1824 0.005426
1952 0.006396
2080 0.007094
2208 0.008627
2336 0.009070
2464 0.010356
2592 0.011964
2720 0.013587
2848 0.013786
2976 0.014852
3104 0.016083
3232 0.018187
3360 0.018864
3488 0.020520
3616 0.022688
3744 0.023342
3872 0.024816
4000 0.026461
4128 0.028378
4256 0.029820
4384 0.031601
4512 0.033807
4640 0.035306
4768 0.037005
4896 0.039366
5024 0.042672
5152 0.043199
5280 0.045946
5408 0.047983
5536 0.050167
5664 0.052875
5792 0.054470
5920 0.057557
6048 0.060140
