1024 0.0020868
3072 0.0007498
5120 0.0006771
7168 0.0011816999999999997
9216 0.0005158000000000001
11264 0.0004611
13312 0.0005124
15360 0.0006189
17408 0.0019025000000000001
19456 0.0015487
21504 0.0024069
23552 0.0010902
25600 0.0016794
27648 0.0010412000000000002
29696 0.0006751
31744 0.0007044999999999999
33792 0.0007103
35840 0.0007183000000000001
37888 0.0007714999999999999
39936 0.0007688
41984 0.0007966
44032 0.0008112999999999998
46080 0.0015059999999999997
48128 0.0008553999999999999
50176 0.0012545
52224 0.0008916999999999999
54272 0.0021616
56320 0.0018377
58368 0.0013563
60416 0.0013052
62464 0.0013439
64512 0.0016641
66560 0.0010412000000000002
68608 0.0010913
70656 0.0024062
72704 0.0027421
74752 0.0027526
76800 0.0011110999999999998
78848 0.0011717
80896 0.004014000000000001
82944 0.0015315
84992 0.0018484999999999999
87040 0.0011997000000000002
89088 0.0018987999999999998
91136 0.0012647
93184 0.0012827
95232 0.0029329
97280 0.0013384
99328 0.001973
101376 0.0013484000000000002
103424 0.002025
105472 0.0018129999999999993
107520 0.0024161000000000005
109568 0.0014692999999999998
111616 0.0014609
113664 0.0027428
115712 0.0015023000000000002
117760 0.0018817
119808 0.0035217
121856 0.001557
123904 0.0016037
125952 0.0025908
128000 0.001975
130048 0.001764
