0 
0 
0 
0 
0 
0 
0 
0 
0 
0 
0 
0 
0 
0 
0 
0 
0 
0 
0 
0 
1 
1 
1 
1 
1 
1 
1 
1 
1 
1 
1 
1 
1 
1 
1 
1 
1 
1 
1 
1 
10 
10 
10 
10 
10 
10 
10 
10 
10 
10 
10 
10 
10 
10 
10 
10 
10 
10 
10 
10 
11 
11 
11 
47 
48 
3 
47 
11 
47 
11 
48 
7 
48 
47 
11 
11 
3 
11 
47 
3 
12 
12 
12 
12 
12 
12 
12 
12 
12 
4 
12 
12 
12 
12 
12 
12 
12 
12 
12 
12 
13 
13 
13 
13 
13 
13 
13 
13 
13 
13 
13 
13 
13 
13 
13 
13 
13 
13 
13 
13 
8 
26 
14 
14 
8 
7 
14 
26 
8 
14 
14 
8 
14 
8 
26 
14 
14 
14 
14 
14 
29 
15 
15 
19 
19 
15 
19 
33 
19 
19 
15 
15 
15 
19 
15 
19 
15 
15 
15 
15 
7 
16 
48 
16 
48 
16 
16 
48 
3 
16 
16 
16 
16 
48 
48 
16 
20 
16 
16 
16 
17 
17 
17 
17 
17 
17 
17 
17 
17 
17 
17 
17 
17 
17 
17 
17 
17 
17 
17 
17 
18 
18 
18 
18 
18 
18 
18 
18 
18 
18 
18 
18 
18 
18 
18 
37 
18 
18 
18 
18 
19 
15 
15 
15 
15 
33 
19 
33 
15 
19 
15 
19 
15 
15 
15 
19 
15 
19 
19 
15 
32 
2 
2 
2 
2 
2 
2 
22 
2 
2 
2 
2 
2 
2 
2 
2 
2 
2 
46 
2 
20 
20 
20 
20 
20 
20 
20 
20 
26 
20 
20 
20 
20 
20 
20 
20 
20 
20 
20 
20 
21 
21 
21 
21 
21 
21 
21 
21 
21 
21 
21 
21 
21 
21 
33 
20 
21 
21 
21 
33 
22 
22 
2 
2 
22 
22 
22 
22 
22 
22 
22 
22 
22 
22 
22 
22 
22 
22 
22 
22 
23 
23 
23 
23 
23 
23 
23 
23 
23 
23 
23 
23 
23 
23 
23 
23 
23 
23 
23 
23 
24 
24 
24 
28 
24 
24 
24 
28 
24 
6 
24 
24 
24 
24 
24 
24 
24 
10 
24 
24 
25 
25 
25 
25 
25 
25 
25 
25 
25 
25 
25 
25 
25 
25 
25 
25 
25 
25 
25 
25 
26 
26 
26 
26 
26 
26 
26 
26 
14 
8 
26 
14 
26 
7 
26 
8 
26 
14 
26 
26 
27 
27 
27 
27 
27 
27 
27 
27 
27 
27 
27 
27 
27 
27 
27 
27 
27 
27 
27 
27 
28 
28 
28 
28 
28 
28 
28 
28 
30 
28 
28 
28 
10 
28 
28 
10 
28 
28 
10 
28 
40 
29 
29 
29 
29 
29 
29 
29 
19 
29 
15 
29 
29 
29 
29 
29 
15 
19 
29 
29 
3 
3 
3 
3 
3 
7 
3 
3 
3 
3 
3 
3 
3 
16 
3 
3 
3 
3 
3 
3 
30 
30 
30 
30 
30 
30 
30 
30 
30 
30 
30 
30 
30 
30 
30 
30 
30 
30 
41 
30 
31 
21 
31 
21 
31 
21 
31 
31 
31 
31 
31 
31 
31 
31 
31 
21 
31 
31 
21 
31 
32 
32 
32 
37 
32 
32 
13 
32 
32 
32 
32 
32 
32 
32 
32 
32 
32 
32 
32 
32 
33 
33 
33 
33 
33 
33 
21 
33 
33 
33 
33 
33 
21 
33 
33 
33 
33 
33 
33 
33 
34 
34 
34 
34 
34 
34 
34 
36 
34 
34 
34 
34 
34 
34 
34 
34 
34 
39 
34 
34 
35 
35 
35 
35 
35 
35 
35 
35 
35 
35 
35 
35 
35 
35 
35 
35 
35 
35 
16 
35 
36 
39 
36 
36 
36 
36 
36 
36 
36 
36 
36 
36 
36 
36 
36 
36 
34 
36 
36 
36 
37 
37 
37 
37 
37 
37 
37 
5 
37 
0 
37 
37 
37 
37 
37 
37 
37 
37 
37 
37 
32 
38 
38 
38 
38 
38 
22 
38 
38 
38 
38 
38 
38 
38 
38 
38 
32 
38 
38 
38 
39 
39 
39 
39 
39 
39 
39 
39 
39 
12 
39 
39 
39 
39 
39 
39 
39 
39 
39 
39 
45 
39 
4 
4 
4 
4 
4 
12 
4 
4 
4 
4 
4 
4 
4 
12 
4 
4 
4 
4 
40 
8 
16 
40 
40 
40 
40 
8 
40 
40 
3 
14 
40 
8 
8 
40 
40 
40 
14 
40 
41 
6 
41 
41 
41 
24 
24 
6 
41 
41 
41 
41 
41 
41 
30 
25 
41 
24 
41 
28 
42 
42 
42 
42 
42 
42 
42 
42 
42 
42 
42 
42 
42 
42 
42 
42 
42 
42 
42 
42 
11 
17 
43 
43 
3 
3 
43 
43 
6 
43 
3 
3 
17 
17 
11 
11 
3 
43 
17 
17 
44 
44 
44 
44 
44 
44 
44 
44 
44 
44 
44 
44 
44 
44 
44 
44 
44 
44 
32 
44 
45 
45 
6 
45 
45 
45 
45 
45 
45 
45 
45 
45 
45 
45 
45 
45 
45 
4 
45 
45 
46 
46 
46 
46 
46 
46 
46 
46 
46 
46 
46 
46 
46 
46 
46 
13 
46 
46 
46 
46 
47 
47 
47 
47 
11 
47 
17 
47 
47 
47 
11 
47 
47 
47 
47 
47 
47 
47 
40 
47 
48 
48 
3 
11 
16 
3 
48 
48 
48 
48 
48 
3 
11 
3 
49 
11 
7 
3 
3 
3 
49 
49 
49 
49 
49 
8 
25 
17 
16 
49 
49 
49 
24 
45 
7 
7 
43 
11 
49 
49 
5 
5 
5 
5 
5 
5 
5 
5 
5 
5 
5 
5 
5 
5 
5 
5 
5 
5 
5 
5 
7 
6 
42 
6 
6 
6 
43 
41 
6 
42 
6 
6 
6 
6 
6 
42 
6 
6 
42 
46 
7 
7 
7 
7 
7 
26 
7 
7 
7 
7 
26 
7 
7 
7 
26 
7 
7 
7 
7 
7 
14 
8 
8 
8 
8 
14 
8 
8 
8 
14 
8 
14 
8 
8 
8 
8 
8 
8 
8 
8 
9 
9 
9 
3 
9 
9 
9 
9 
9 
9 
9 
7 
9 
9 
9 
9 
9 
9 
9 
9 
814 186 12.455218
