1024 9.69e-05
3072 0.00020040000000000005
5120 0.00035109999999999997
7168 0.0003783
9216 0.0005849
11264 0.0007066
13312 0.0008844000000000001
15360 0.0007656000000000001
17408 0.000845
19456 0.0010845
21504 0.0007939999999999999
23552 0.0010661
25600 0.0008892
27648 0.0012784999999999997
29696 0.0010184999999999999
31744 0.0010489
33792 0.0011052
35840 0.0012791999999999999
37888 0.0012263
39936 0.00133
41984 0.0014437
44032 0.0015369000000000001
46080 0.0015054
48128 0.0016597
50176 0.0016651000000000003
52224 0.0016702000000000002
54272 0.0018969000000000004
56320 0.0019889000000000005
58368 0.0019637
60416 0.0020054
62464 0.0021837000000000002
64512 0.0021488
66560 0.0022271999999999995
68608 0.002235
70656 0.0024322
72704 0.0023638
74752 0.0024435
76800 0.0025412
78848 0.0025886
80896 0.0026875
82944 0.0027253
84992 0.0028367
87040 0.0028699
89088 0.0029201999999999995
91136 0.0030178999999999996
93184 0.0030470999999999996
95232 0.0031362
97280 0.0031743
99328 0.0032427999999999997
101376 0.0032871999999999997
103424 0.0033776
105472 0.0037808999999999994
107520 0.0035338999999999995
109568 0.0036118000000000005
111616 0.0036765
113664 0.0036919000000000006
115712 0.0037880000000000006
117760 0.0038135999999999995
119808 0.0038621000000000003
121856 0.003967399999999999
123904 0.0040065000000000005
125952 0.0040982
128000 0.0041638
130048 0.0042841
