32 0.000013
160 0.000367
288 0.001171
416 0.002159
544 0.003078
672 0.003428
800 0.003769
928 0.003840
1056 0.005110
1184 0.007075
1312 0.008150
1440 0.010073
1568 0.011992
1696 0.014016
1824 0.016698
1952 0.019326
2080 0.022201
2208 0.025480
2336 0.028730
2464 0.031396
2592 0.035252
2720 0.038245
2848 0.041657
2976 0.045841
3104 0.050027
3232 0.054469
3360 0.057772
3488 0.062552
3616 0.068018
3744 0.072297
3872 0.078062
4000 0.082643
4128 0.087993
4256 0.092638
4384 0.097858
4512 0.104376
4640 0.111373
4768 0.116725
4896 0.123316
5024 0.127471
5152 0.135289
5280 0.143424
5408 0.149311
