503 497 0.204316
503 497 0.202460
0 
0 
0 
0 
0 
0 
0 
0 
0 
0 
0 
0 
0 
0 
0 
0 
0 
0 
0 
0 
1 
1 
1 
1 
1 
1 
1 
1 
1 
1 
1 
1 
1 
1 
1 
1 
1 
1 
1 
1 
1 
0 
1 
1 
0 
1 
1 
1 
1 
0 
1 
1 
0 
0 
0 
0 
1 
0 
1 
1 
1 
0 
0 
2 
0 
0 
2 
0 
9 
0 
3 
1 
3 
2 
0 
1 
0 
1 
9 
3 
1 
1 
1 
1 
1 
1 
1 
1 
1 
2 
1 
1 
1 
1 
1 
1 
1 
1 
1 
1 
1 
1 
1 
1 
1 
1 
1 
1 
1 
1 
1 
1 
1 
1 
1 
1 
1 
1 
1 
1 
3 
8 
1 
2 
6 
1 
1 
1 
2 
2 
2 
2 
1 
2 
2 
1 
1 
1 
2 
1 
2 
1 
2 
1 
4 
2 
2 
2 
1 
1 
4 
1 
2 
1 
2 
1 
2 
1 
2 
1 
3 
1 
3 
3 
3 
1 
3 
3 
0 
1 
3 
1 
3 
3 
3 
1 
2 
3 
3 
1 
3 
1 
3 
3 
2 
3 
3 
3 
1 
1 
3 
3 
1 
3 
3 
1 
1 
1 
3 
3 
4 
1 
1 
1 
1 
4 
4 
1 
1 
4 
1 
1 
4 
1 
4 
4 
1 
1 
4 
4 
1 
1 
1 
1 
2 
2 
2 
2 
1 
1 
1 
1 
2 
1 
1 
1 
2 
1 
1 
1 
2 
1 
1 
1 
1 
1 
1 
1 
5 
1 
1 
5 
5 
1 
1 
5 
5 
1 
1 
5 
1 
1 
5 
5 
1 
5 
5 
5 
1 
5 
1 
1 
1 
1 
5 
1 
5 
1 
1 
5 
1 
1 
2 
1 
6 
6 
1 
6 
6 
1 
6 
1 
1 
6 
2 
5 
6 
1 
1 
2 
1 
6 
1 
1 
1 
6 
1 
6 
1 
1 
1 
6 
6 
1 
6 
1 
1 
1 
1 
6 
7 
1 
1 
7 
1 
7 
7 
1 
1 
1 
7 
7 
7 
1 
7 
1 
7 
7 
7 
1 
7 
7 
7 
1 
7 
7 
7 
1 
1 
1 
7 
1 
7 
1 
7 
7 
1 
1 
7 
7 
0 
8 
1 
1 
8 
8 
2 
1 
8 
8 
8 
1 
8 
8 
8 
2 
8 
8 
1 
1 
1 
8 
8 
1 
1 
1 
1 
1 
2 
2 
8 
1 
1 
1 
8 
8 
1 
1 
1 
1 
1 
1 
1 
9 
9 
9 
1 
9 
9 
9 
1 
1 
1 
1 
1 
1 
9 
9 
1 
9 
9 
1 
1 
1 
1 
1 
9 
9 
0 
1 
1 
1 
1 
1 
1 
0 
1 
1 
0 
1 
2 
2 
2 
2 
2 
2 
2 
2 
2 
2 
2 
2 
2 
2 
2 
2 
2 
1 
2 
2 
0 
2 
2 
2 
2 
3 
0 
0 
0 
2 
0 
2 
2 
3 
2 
0 
0 
2 
0 
0 
0 
2 
2 
0 
2 
2 
0 
2 
2 
0 
0 
0 
0 
0 
0 
2 
0 
2 
1 
2 
2 
1 
1 
2 
1 
1 
2 
1 
2 
2 
2 
2 
2 
2 
1 
1 
2 
2 
3 
1 
2 
1 
2 
2 
2 
1 
1 
2 
1 
2 
2 
2 
1 
2 
1 
2 
1 
1 
2 
1 
2 
2 
2 
2 
2 
2 
1 
2 
2 
2 
2 
2 
2 
2 
2 
2 
2 
2 
2 
2 
2 
5 
2 
2 
2 
2 
2 
2 
2 
2 
5 
2 
2 
2 
2 
2 
2 
2 
2 
2 
2 
2 
2 
2 
2 
2 
3 
3 
2 
2 
3 
3 
3 
2 
3 
2 
2 
2 
1 
3 
3 
1 
3 
3 
3 
2 
3 
3 
2 
3 
3 
3 
3 
2 
2 
3 
2 
3 
2 
2 
2 
2 
4 
2 
4 
2 
2 
0 
2 
0 
4 
2 
4 
2 
2 
2 
2 
4 
4 
2 
1 
4 
2 
4 
2 
4 
2 
2 
2 
2 
2 
4 
2 
4 
4 
2 
1 
1 
2 
4 
2 
5 
5 
5 
2 
5 
5 
2 
2 
9 
5 
2 
2 
2 
5 
5 
2 
5 
2 
2 
2 
2 
5 
2 
2 
2 
1 
1 
5 
5 
2 
5 
2 
2 
2 
2 
5 
2 
1 
5 
2 
3 
1 
2 
6 
2 
2 
2 
6 
2 
3 
1 
6 
2 
3 
2 
2 
6 
1 
2 
2 
1 
6 
6 
2 
7 
7 
3 
6 
6 
2 
6 
2 
6 
0 
1 
2 
1 
2 
1 
2 
3 
7 
7 
2 
7 
2 
2 
2 
7 
7 
2 
2 
2 
2 
2 
2 
2 
7 
3 
1 
1 
1 
7 
2 
2 
7 
7 
3 
2 
2 
1 
1 
3 
0 
2 
0 
2 
3 
3 
8 
8 
2 
8 
8 
8 
2 
8 
2 
8 
8 
8 
2 
8 
8 
8 
2 
8 
1 
2 
8 
8 
1 
2 
8 
8 
2 
2 
8 
8 
8 
8 
2 
8 
2 
2 
2 
5 
2 
0 
2 
9 
2 
9 
9 
9 
9 
2 
2 
2 
2 
9 
9 
9 
2 
1 
2 
9 
2 
9 
2 
2 
2 
2 
2 
1 
1 
9 
3 
9 
1 
2 
1 
9 
9 
9 
9 
2 
2 
9 
2 
3 
0 
1 
3 
2 
1 
3 
3 
2 
0 
2 
1 
3 
0 
0 
3 
2 
2 
2 
0 
3 
0 
0 
3 
2 
1 
0 
1 
3 
3 
0 
3 
0 
3 
3 
7 
1 
3 
3 
3 
0 
0 
0 
0 
3 
3 
3 
0 
0 
3 
0 
0 
3 
0 
3 
0 
0 
0 
0 
3 
3 
3 
3 
1 
1 
2 
1 
1 
7 
1 
1 
1 
1 
3 
2 
1 
1 
2 
9 
3 
1 
1 
1 
1 
1 
3 
1 
1 
1 
3 
1 
3 
2 
8 
3 
1 
1 
3 
3 
1 
2 
1 
1 
2 
2 
2 
1 
1 
1 
2 
2 
2 
1 
2 
2 
2 
2 
3 
2 
3 
3 
2 
3 
2 
2 
2 
3 
2 
2 
2 
3 
3 
3 
3 
3 
2 
2 
3 
2 
503 497 0.219397
0 
0 
0 
0 
0 
0 
0 
0 
0 
0 
0 
0 
0 
0 
0 
0 
0 
0 
0 
0 
1 
1 
1 
1 
1 
1 
1 
1 
1 
1 
1 
1 
1 
1 
1 
1 
1 
1 
1 
1 
1 
1 
1 
0 
0 
1 
1 
1 
1 
1 
1 
1 
0 
0 
0 
0 
1 
0 
0 
1 
1 
1 
1 
2 
3 
0 
0 
0 
9 
0 
3 
0 
3 
2 
1 
1 
0 
0 
9 
0 
1 
1 
1 
1 
1 
1 
1 
1 
1 
2 
1 
1 
1 
1 
1 
1 
1 
1 
1 
1 
1 
1 
1 
1 
1 
1 
1 
1 
1 
1 
1 
1 
1 
1 
1 
1 
1 
1 
1 
1 
1 
8 
1 
2 
2 
3 
1 
1 
2 
2 
1 
2 
1 
2 
2 
1 
1 
1 
1 
1 
2 
2 
2 
1 
4 
2 
4 
2 
1 
4 
1 
2 
2 
1 
2 
1 
2 
2 
2 
1 
3 
1 
3 
3 
3 
0 
3 
3 
0 
3 
3 
1 
3 
3 
3 
0 
5 
3 
3 
1 
3 
1 
3 
3 
1 
3 
3 
3 
1 
1 
3 
3 
1 
3 
3 
1 
1 
1 
1 
3 
4 
1 
1 
1 
1 
4 
4 
1 
1 
4 
1 
1 
4 
1 
4 
4 
1 
1 
4 
4 
1 
1 
1 
1 
2 
2 
4 
2 
1 
1 
2 
4 
2 
1 
1 
1 
2 
4 
1 
1 
2 
1 
1 
1 
5 
5 
1 
1 
5 
1 
1 
5 
1 
1 
1 
5 
5 
1 
1 
5 
1 
1 
5 
1 
1 
5 
5 
1 
1 
5 
1 
1 
1 
1 
5 
1 
5 
5 
1 
5 
1 
1 
6 
1 
6 
6 
1 
6 
6 
6 
6 
6 
1 
6 
2 
2 
6 
1 
1 
2 
1 
1 
1 
1 
1 
6 
1 
6 
1 
1 
1 
6 
6 
1 
6 
1 
1 
1 
1 
6 
1 
1 
1 
7 
7 
7 
7 
1 
1 
1 
7 
7 
7 
1 
1 
7 
7 
7 
7 
1 
1 
7 
7 
1 
1 
7 
7 
1 
1 
0 
7 
1 
7 
1 
7 
7 
1 
0 
7 
7 
0 
8 
8 
8 
8 
8 
2 
1 
8 
8 
1 
1 
8 
8 
8 
2 
8 
8 
1 
1 
1 
1 
8 
8 
1 
1 
1 
1 
2 
2 
8 
1 
1 
1 
8 
2 
1 
2 
1 
1 
9 
1 
1 
9 
9 
9 
1 
9 
9 
1 
1 
1 
9 
1 
1 
1 
9 
9 
1 
9 
9 
1 
1 
9 
1 
1 
9 
9 
0 
1 
9 
1 
1 
1 
1 
0 
1 
9 
0 
1 
6 
2 
2 
2 
2 
2 
2 
2 
1 
2 
2 
2 
2 
2 
2 
2 
2 
1 
2 
2 
0 
2 
0 
2 
2 
1 
0 
0 
2 
0 
0 
0 
0 
0 
2 
0 
0 
2 
0 
0 
2 
0 
0 
0 
2 
0 
0 
2 
0 
0 
0 
0 
0 
0 
2 
2 
0 
2 
6 
2 
2 
1 
1 
2 
2 
6 
2 
1 
2 
2 
2 
2 
2 
1 
2 
1 
2 
2 
1 
1 
2 
1 
2 
2 
2 
2 
1 
2 
2 
2 
2 
2 
2 
2 
2 
2 
1 
1 
2 
2 
2 
2 
2 
2 
2 
2 
1 
2 
2 
2 
2 
2 
1 
2 
2 
2 
2 
2 
2 
2 
2 
2 
2 
2 
2 
2 
2 
3 
2 
2 
2 
2 
2 
2 
2 
2 
2 
5 
2 
2 
2 
3 
3 
2 
2 
2 
3 
3 
2 
3 
3 
3 
3 
2 
3 
2 
2 
2 
2 
3 
3 
2 
3 
3 
3 
3 
3 
3 
2 
3 
3 
3 
3 
3 
2 
3 
2 
3 
2 
2 
0 
2 
4 
2 
4 
2 
2 
0 
2 
0 
4 
2 
4 
2 
2 
2 
2 
4 
4 
4 
1 
4 
2 
4 
4 
4 
1 
2 
2 
2 
2 
4 
2 
4 
4 
2 
1 
4 
2 
4 
2 
5 
5 
2 
2 
5 
5 
2 
2 
1 
5 
2 
2 
2 
5 
5 
2 
5 
2 
2 
2 
2 
5 
2 
2 
2 
2 
1 
5 
2 
2 
5 
2 
5 
5 
1 
5 
2 
2 
5 
2 
3 
1 
2 
2 
2 
2 
2 
6 
2 
0 
1 
6 
2 
3 
2 
6 
6 
1 
2 
2 
0 
6 
2 
6 
1 
2 
3 
6 
2 
2 
6 
1 
6 
0 
1 
2 
7 
2 
1 
2 
7 
7 
2 
2 
7 
2 
2 
2 
7 
7 
7 
2 
2 
2 
7 
2 
2 
7 
7 
1 
1 
7 
2 
2 
2 
1 
7 
3 
2 
0 
0 
1 
3 
0 
0 
0 
2 
3 
3 
8 
8 
2 
0 
8 
8 
2 
8 
8 
8 
8 
8 
8 
8 
8 
8 
2 
8 
1 
2 
8 
8 
1 
2 
8 
2 
2 
0 
8 
8 
8 
8 
2 
2 
2 
8 
2 
1 
2 
2 
2 
9 
9 
9 
9 
9 
9 
9 
2 
9 
9 
9 
9 
9 
9 
1 
2 
9 
2 
9 
2 
9 
2 
2 
2 
2 
1 
9 
9 
1 
0 
9 
1 
9 
9 
9 
9 
2 
6 
9 
3 
3 
0 
1 
3 
0 
3 
3 
3 
3 
3 
2 
1 
3 
0 
0 
3 
0 
0 
0 
0 
0 
0 
0 
3 
1 
1 
0 
1 
3 
3 
0 
1 
2 
3 
0 
2 
1 
0 
3 
0 
3 
0 
3 
0 
3 
3 
3 
3 
0 
3 
0 
0 
3 
0 
3 
0 
0 
0 
0 
3 
3 
2 
3 
1 
1 
2 
1 
1 
2 
1 
3 
1 
1 
3 
2 
1 
0 
2 
9 
3 
1 
3 
1 
1 
1 
3 
1 
1 
1 
1 
1 
1 
2 
1 
3 
1 
1 
3 
1 
2 
2 
1 
2 
1 
1 
2 
1 
1 
1 
2 
1 
3 
1 
2 
1 
2 
2 
3 
2 
3 
3 
2 
1 
2 
2 
3 
3 
1 
2 
3 
1 
3 
3 
3 
3 
2 
2 
3 
2 
518 482 0.205199
0 
0 
0 
0 
0 
0 
0 
0 
0 
0 
0 
0 
0 
0 
0 
0 
0 
0 
0 
0 
1 
1 
1 
1 
1 
1 
1 
1 
1 
1 
1 
1 
1 
1 
1 
1 
1 
1 
1 
1 
10 
10 
10 
10 
10 
10 
10 
10 
10 
10 
10 
10 
10 
10 
10 
10 
10 
10 
10 
10 
11 
11 
11 
47 
48 
3 
47 
11 
47 
11 
48 
7 
48 
47 
11 
11 
3 
11 
47 
3 
12 
12 
12 
12 
12 
12 
12 
12 
12 
4 
12 
12 
12 
12 
12 
12 
12 
12 
12 
12 
13 
13 
13 
13 
13 
13 
13 
13 
13 
13 
13 
13 
13 
13 
13 
13 
13 
13 
13 
13 
8 
26 
14 
14 
8 
7 
14 
26 
8 
14 
14 
8 
14 
8 
26 
14 
14 
14 
14 
14 
29 
15 
15 
19 
19 
15 
19 
33 
19 
19 
15 
15 
15 
19 
15 
19 
15 
15 
15 
15 
7 
16 
48 
16 
48 
16 
16 
48 
3 
16 
16 
16 
16 
48 
48 
16 
20 
16 
16 
16 
17 
17 
17 
17 
17 
17 
17 
17 
17 
17 
17 
17 
17 
17 
17 
17 
17 
17 
17 
17 
18 
18 
18 
18 
18 
18 
18 
18 
18 
18 
18 
18 
18 
18 
18 
37 
18 
18 
18 
18 
19 
15 
15 
15 
15 
33 
19 
33 
15 
19 
15 
19 
15 
15 
15 
19 
15 
19 
19 
15 
32 
2 
2 
2 
2 
2 
2 
22 
2 
2 
2 
2 
2 
2 
2 
2 
2 
2 
46 
2 
20 
20 
20 
20 
20 
20 
20 
20 
26 
20 
20 
20 
20 
20 
20 
20 
20 
20 
20 
20 
21 
21 
21 
21 
21 
21 
21 
21 
21 
21 
21 
21 
21 
21 
33 
20 
21 
21 
21 
33 
22 
22 
2 
2 
22 
22 
22 
22 
22 
22 
22 
22 
22 
22 
22 
22 
22 
22 
22 
22 
23 
23 
23 
23 
23 
23 
23 
23 
23 
23 
23 
23 
23 
23 
23 
23 
23 
23 
23 
23 
24 
24 
24 
28 
24 
24 
24 
28 
24 
6 
24 
24 
24 
24 
24 
24 
24 
10 
24 
24 
25 
25 
25 
25 
25 
25 
25 
25 
25 
25 
25 
25 
25 
25 
25 
25 
25 
25 
25 
25 
26 
26 
26 
26 
26 
26 
26 
26 
14 
8 
26 
14 
26 
7 
26 
8 
26 
14 
26 
26 
27 
27 
27 
27 
27 
27 
27 
27 
27 
27 
27 
27 
27 
27 
27 
27 
27 
27 
27 
27 
28 
28 
28 
28 
28 
28 
28 
28 
30 
28 
28 
28 
10 
28 
28 
10 
28 
28 
10 
28 
40 
29 
29 
29 
29 
29 
29 
29 
19 
29 
15 
29 
29 
29 
29 
29 
15 
19 
29 
29 
3 
3 
3 
3 
3 
7 
3 
3 
3 
3 
3 
3 
3 
16 
3 
3 
3 
3 
3 
3 
30 
30 
30 
30 
30 
30 
30 
30 
30 
30 
30 
30 
30 
30 
30 
30 
30 
30 
41 
30 
31 
21 
31 
21 
31 
21 
31 
31 
31 
31 
31 
31 
31 
31 
31 
21 
31 
31 
21 
31 
32 
32 
32 
37 
32 
32 
13 
32 
32 
32 
32 
32 
32 
32 
32 
32 
32 
32 
32 
32 
33 
33 
33 
33 
33 
33 
21 
33 
33 
33 
33 
33 
21 
33 
33 
33 
33 
33 
33 
33 
34 
34 
34 
34 
34 
34 
34 
36 
34 
34 
34 
34 
34 
34 
34 
34 
34 
39 
34 
34 
35 
35 
35 
35 
35 
35 
35 
35 
35 
35 
35 
35 
35 
35 
35 
35 
35 
35 
16 
35 
36 
39 
36 
36 
36 
36 
36 
36 
36 
36 
36 
36 
36 
36 
36 
36 
34 
36 
36 
36 
37 
37 
37 
37 
37 
37 
37 
5 
37 
0 
37 
37 
37 
37 
37 
37 
37 
37 
37 
37 
32 
38 
38 
38 
38 
38 
22 
38 
38 
38 
38 
38 
38 
38 
38 
38 
32 
38 
38 
38 
39 
39 
39 
39 
39 
39 
39 
39 
39 
12 
39 
39 
39 
39 
39 
39 
39 
39 
39 
39 
45 
39 
4 
4 
4 
4 
4 
12 
4 
4 
4 
4 
4 
4 
4 
12 
4 
4 
4 
4 
40 
8 
16 
40 
40 
40 
40 
8 
40 
40 
3 
14 
40 
8 
8 
40 
40 
40 
14 
40 
41 
6 
41 
41 
41 
24 
24 
6 
41 
41 
41 
41 
41 
41 
30 
25 
41 
24 
41 
28 
42 
42 
42 
42 
42 
42 
42 
42 
42 
42 
42 
42 
42 
42 
42 
42 
42 
42 
42 
42 
11 
17 
43 
43 
3 
3 
43 
43 
6 
43 
3 
3 
17 
17 
11 
11 
3 
43 
17 
17 
44 
44 
44 
44 
44 
44 
44 
44 
44 
44 
44 
44 
44 
44 
44 
44 
44 
44 
32 
44 
45 
45 
6 
45 
45 
45 
45 
45 
45 
45 
45 
45 
45 
45 
45 
45 
45 
4 
45 
45 
46 
46 
46 
46 
46 
46 
46 
46 
46 
46 
46 
46 
46 
46 
46 
13 
46 
46 
46 
46 
47 
47 
47 
47 
11 
47 
17 
47 
47 
47 
11 
47 
47 
47 
47 
47 
47 
47 
40 
47 
48 
48 
3 
11 
16 
3 
48 
48 
48 
48 
48 
3 
11 
3 
49 
11 
7 
3 
3 
3 
49 
49 
49 
49 
49 
8 
25 
17 
16 
49 
49 
49 
24 
45 
7 
7 
43 
11 
49 
49 
5 
5 
5 
5 
5 
5 
5 
5 
5 
5 
5 
5 
5 
5 
5 
5 
5 
5 
5 
5 
7 
6 
42 
6 
6 
6 
43 
41 
6 
42 
6 
6 
6 
6 
6 
42 
6 
6 
42 
46 
7 
7 
7 
7 
7 
26 
7 
7 
7 
7 
26 
7 
7 
7 
26 
7 
7 
7 
7 
7 
14 
8 
8 
8 
8 
14 
8 
8 
8 
14 
8 
14 
8 
8 
8 
8 
8 
8 
8 
8 
9 
9 
9 
3 
9 
9 
9 
9 
9 
9 
9 
7 
9 
9 
9 
9 
9 
9 
9 
9 
814 186 0.219107
1 0 0.000245
2 0 0.000379
3 0 0.000498
4 0 0.000616
5 0 0.000920
6 0 0.001146
7 0 0.001350
8 0 0.001477
9 0 0.001776
10 0 0.001899
11 0 0.002127
12 0 0.002353
13 0 0.002653
14 0 0.003066
15 0 0.003194
16 0 0.003379
17 0 0.003679
18 0 0.003798
19 0 0.004023
20 0 0.004149
21 0 0.004352
22 0 0.004802
23 0 0.005037
24 0 0.005333
25 0 0.005630
26 0 0.005927
27 0 0.006231
28 0 0.006422
29 0 0.006553
30 0 0.006744
31 0 0.007081
32 0 0.007279
33 0 0.007405
34 0 0.007532
35 0 0.007992
36 0 0.008182
37 0 0.008441
38 0 0.008644
39 0 0.008769
40 0 0.009215
41 0 0.009341
42 0 0.009466
43 0 0.009598
44 0 0.009719
45 0 0.009845
46 0 0.009966
47 0 0.010084
48 0 0.010208
49 0 0.010332
50 0 0.010456
51 0 0.010663
52 0 0.010786
53 0 0.010927
54 0 0.011174
55 0 0.011302
56 0 0.011499
57 0 0.011695
58 0 0.011813
59 0 0.012040
60 0 0.012305
61 0 0.012532
62 0 0.012657
63 0 0.012959
63 1 0.013083
63 2 0.013220
63 3 0.013455
63 4 0.013584
64 4 0.013881
64 5 0.014007
65 5 0.014135
65 6 0.014613
65 7 0.014740
65 8 0.014865
65 9 0.015108
66 9 0.015292
67 9 0.015511
67 10 0.015641
68 10 0.016092
68 11 0.016246
68 12 0.016469
69 12 0.016695
70 12 0.016988
71 12 0.017127
72 12 0.017291
73 12 0.017588
74 12 0.017783
75 12 0.018020
76 12 0.018304
77 12 0.018755
77 13 0.019210
78 13 0.019494
79 13 0.019785
80 13 0.019985
81 13 0.020235
82 13 0.020377
83 13 0.020568
84 13 0.020690
85 13 0.020817
86 13 0.020936
87 13 0.021207
88 13 0.021417
89 13 0.021702
90 13 0.021896
91 13 0.022180
92 13 0.022629
93 13 0.022901
94 13 0.023026
95 13 0.023315
96 13 0.023443
97 13 0.023635
98 13 0.023939
99 13 0.024070
100 13 0.024321
101 13 0.024528
102 13 0.024684
103 13 0.025133
104 13 0.025417
105 13 0.025601
106 13 0.025735
107 13 0.025870
107 14 0.026003
107 15 0.026130
108 15 0.026361
109 15 0.026576
109 16 0.026698
109 17 0.026822
110 17 0.026945
110 18 0.027069
110 19 0.027370
111 19 0.027815
112 19 0.027943
112 20 0.028245
113 20 0.028559
113 21 0.028687
113 22 0.028828
114 22 0.029055
115 22 0.029216
116 22 0.029443
117 22 0.029572
118 22 0.029690
118 23 0.029808
119 23 0.029932
120 23 0.030060
120 24 0.030184
120 25 0.030315
121 25 0.030447
121 26 0.030586
121 27 0.030721
121 28 0.030839
121 29 0.030963
122 29 0.031230
123 29 0.031357
124 29 0.031486
124 30 0.031621
125 30 0.031775
125 31 0.031905
126 31 0.032035
127 31 0.032164
128 31 0.032284
129 31 0.032403
129 32 0.032530
130 32 0.032756
130 33 0.032953
131 33 0.033254
131 34 0.033480
132 34 0.033733
133 34 0.033860
133 35 0.034129
133 36 0.034248
134 36 0.034475
135 36 0.034595
136 36 0.035045
137 36 0.035426
137 37 0.035726
137 38 0.035856
138 38 0.035984
138 39 0.036438
139 39 0.036578
140 39 0.036701
141 39 0.036830
142 39 0.036954
143 39 0.037178
144 39 0.037299
145 39 0.037496
146 39 0.037698
147 39 0.037818
148 39 0.038044
149 39 0.038307
150 39 0.038509
151 39 0.038809
152 39 0.039016
153 39 0.039303
154 39 0.039529
155 39 0.039727
156 39 0.039857
157 39 0.040073
158 39 0.040301
159 39 0.040750
160 39 0.040957
161 39 0.041175
162 39 0.041654
163 39 0.041887
164 39 0.042015
165 39 0.042134
166 39 0.042252
167 39 0.042483
168 39 0.042785
169 39 0.042977
170 39 0.043424
171 39 0.043727
172 39 0.043847
173 39 0.044296
174 39 0.044497
175 39 0.044798
176 39 0.045033
176 40 0.045253
177 40 0.045536
178 40 0.045851
179 40 0.045973
180 40 0.046179
181 40 0.046487
181 41 0.046606
181 42 0.046735
181 43 0.047018
181 44 0.047315
181 45 0.047511
182 45 0.047703
182 46 0.047903
182 47 0.048028
183 47 0.048388
183 48 0.048637
184 48 0.048762
184 49 0.049211
184 50 0.049420
184 51 0.049627
185 51 0.050082
185 52 0.050270
186 52 0.050466
187 52 0.050587
187 53 0.051053
187 54 0.051270
188 54 0.051531
189 54 0.051662
190 54 0.051905
191 54 0.052165
192 54 0.052352
193 54 0.052548
193 55 0.052831
194 55 0.053027
195 55 0.053331
196 55 0.053744
197 55 0.053943
198 55 0.054070
199 55 0.054216
200 55 0.054340
201 55 0.054477
202 55 0.054596
203 55 0.054730
203 56 0.054859
204 56 0.054988
205 56 0.055308
206 56 0.055469
207 56 0.055593
208 56 0.055712
209 56 0.055835
210 56 0.055954
211 56 0.056082
212 56 0.056206
212 57 0.056325
213 57 0.056623
214 57 0.056921
215 57 0.057081
216 57 0.057204
217 57 0.057504
218 57 0.057634
219 57 0.057873
220 57 0.057996
221 57 0.058246
222 57 0.058382
223 57 0.058608
224 57 0.058907
225 57 0.059028
226 57 0.059331
227 57 0.059562
228 57 0.059689
229 57 0.059919
230 57 0.060366
231 57 0.060491
232 57 0.060718
233 57 0.061017
234 57 0.061209
235 57 0.061336
236 57 0.061561
237 57 0.061786
237 58 0.062011
237 59 0.062130
238 59 0.062257
239 59 0.062437
240 59 0.062557
240 60 0.062788
241 60 0.063091
242 60 0.063230
242 61 0.063424
242 62 0.063618
243 62 0.063737
244 62 0.064044
245 62 0.064182
246 62 0.064471
247 62 0.064590
248 62 0.064818
249 62 0.065014
250 62 0.065141
251 62 0.065423
252 62 0.065650
253 62 0.065877
254 62 0.066015
255 62 0.066239
256 62 0.066537
257 62 0.066760
258 62 0.067048
259 62 0.067317
260 62 0.067441
261 62 0.067783
262 62 0.068122
263 62 0.068428
264 62 0.068641
265 62 0.068767
266 62 0.069050
267 62 0.069262
268 62 0.069393
269 62 0.069588
270 62 0.069727
271 62 0.069865
272 62 0.069992
273 62 0.070270
274 62 0.070395
275 62 0.070750
276 62 0.070886
277 62 0.071017
278 62 0.071137
279 62 0.071438
280 62 0.071631
281 62 0.071760
281 63 0.072070
282 63 0.072191
283 63 0.072463
284 63 0.072584
284 64 0.072810
285 64 0.073001
285 65 0.073196
286 65 0.073465
287 65 0.073662
288 65 0.073782
289 65 0.074237
290 65 0.074365
291 65 0.074509
292 65 0.074733
292 66 0.074959
293 66 0.075083
294 66 0.075312
295 66 0.075440
296 66 0.075746
297 66 0.076033
298 66 0.076333
299 66 0.076453
300 66 0.076720
301 66 0.076846
302 66 0.077119
303 66 0.077312
304 66 0.077583
305 66 0.077885
306 66 0.078007
307 66 0.078307
308 66 0.078596
309 66 0.078895
310 66 0.079167
311 66 0.079367
312 66 0.079618
313 66 0.080065
314 66 0.080191
315 66 0.080654
316 66 0.080780
317 66 0.080917
318 66 0.081043
319 66 0.081163
320 66 0.081369
321 66 0.081571
322 66 0.081708
322 67 0.082009
322 68 0.082310
323 68 0.082609
323 69 0.082914
324 69 0.083041
324 70 0.083294
325 70 0.083540
325 71 0.083658
326 71 0.083898
326 72 0.084027
327 72 0.084230
328 72 0.084358
329 72 0.084585
330 72 0.084897
331 72 0.085194
332 72 0.085319
333 72 0.085491
334 72 0.085706
335 72 0.085941
336 72 0.086060
337 72 0.086183
338 72 0.086485
339 72 0.086711
340 72 0.086831
341 72 0.087130
342 72 0.087434
343 72 0.087642
344 72 0.087762
345 72 0.087881
346 72 0.088173
347 72 0.088410
348 72 0.088536
349 72 0.088835
350 72 0.089287
351 72 0.089412
352 72 0.089536
353 72 0.089821
354 72 0.089946
355 72 0.090153
356 72 0.090281
356 73 0.090407
357 73 0.090602
358 73 0.090803
359 73 0.090966
359 74 0.091096
360 74 0.091221
361 74 0.091444
361 75 0.091568
362 75 0.091761
363 75 0.092047
363 76 0.092171
364 76 0.092471
364 77 0.092591
365 77 0.092888
366 77 0.093008
367 77 0.093133
368 77 0.093416
369 77 0.093649
370 77 0.093850
371 77 0.094121
371 78 0.094250
372 78 0.094383
372 79 0.094522
373 79 0.094646
374 79 0.094768
375 79 0.095068
376 79 0.095193
377 79 0.095312
377 80 0.095437
377 81 0.095557
378 81 0.095701
379 81 0.096001
380 81 0.096127
381 81 0.096246
382 81 0.096389
383 81 0.096513
384 81 0.096709
384 82 0.097019
385 82 0.097173
386 82 0.097491
387 82 0.097875
388 82 0.098064
389 82 0.098189
390 82 0.098320
391 82 0.098443
391 83 0.098748
392 83 0.098973
393 83 0.099331
394 83 0.099451
395 83 0.099578
396 83 0.099706
397 83 0.099832
398 83 0.099956
399 83 0.100410
400 83 0.100695
401 83 0.100967
402 83 0.101161
403 83 0.101460
404 83 0.101652
405 83 0.101858
406 83 0.101993
407 83 0.102351
408 83 0.102547
409 83 0.102802
410 83 0.103033
411 83 0.103229
412 83 0.103455
413 83 0.103756
414 83 0.104022
415 83 0.104150
415 84 0.104382
416 84 0.104591
417 84 0.104723
417 85 0.104920
418 85 0.105370
418 86 0.105502
419 86 0.105806
419 87 0.106109
420 87 0.106242
421 87 0.106441
422 87 0.106728
423 87 0.106849
424 87 0.107121
425 87 0.107423
426 87 0.107552
427 87 0.107692
428 87 0.107948
428 88 0.108172
429 88 0.108362
430 88 0.108555
430 89 0.108785
431 89 0.108987
432 89 0.109260
433 89 0.109492
434 89 0.109796
434 90 0.109919
435 90 0.110044
436 90 0.110173
436 91 0.110460
437 91 0.110592
438 91 0.110725
439 91 0.110863
440 91 0.111016
441 91 0.111139
442 91 0.111261
443 91 0.111460
444 91 0.111661
445 91 0.111823
446 91 0.112199
447 91 0.112497
448 91 0.112796
449 91 0.113054
450 91 0.113185
451 91 0.113487
452 91 0.113695
453 91 0.113927
454 91 0.114236
455 91 0.114446
455 92 0.114596
456 92 0.114789
457 92 0.115015
458 92 0.115147
459 92 0.115451
460 92 0.115751
460 93 0.116050
461 93 0.116315
462 93 0.116434
463 93 0.116559
464 93 0.116689
465 93 0.116814
466 93 0.117111
467 93 0.117427
468 93 0.117692
469 93 0.117988
470 93 0.118119
471 93 0.118239
472 93 0.118526
473 93 0.118647
474 93 0.118766
474 94 0.119217
475 94 0.119341
476 94 0.119640
477 94 0.119760
478 94 0.120057
479 94 0.120353
480 94 0.120592
481 94 0.120718
482 94 0.120842
483 94 0.120961
483 95 0.121087
484 95 0.121346
485 95 0.121534
486 95 0.121656
487 95 0.121780
488 95 0.122006
489 95 0.122137
490 95 0.122365
491 95 0.122662
492 95 0.122961
493 95 0.123205
494 95 0.123504
495 95 0.123731
496 95 0.123854
497 95 0.124017
498 95 0.124318
499 95 0.124617
500 95 0.124813
501 95 0.125043
502 95 0.125196
503 95 0.125497
503 96 0.125803
504 96 0.126110
505 96 0.126386
505 97 0.126605
506 97 0.126798
507 97 0.126994
508 97 0.127195
509 97 0.127499
510 97 0.127626
511 97 0.127749
512 97 0.128011
513 97 0.128156
514 97 0.128419
515 97 0.128749
516 97 0.129024
517 97 0.129280
518 97 0.129404
519 97 0.129532
519 98 0.129729
520 98 0.129881
521 98 0.130011
522 98 0.130274
523 98 0.130412
524 98 0.130578
525 98 0.130957
526 98 0.131082
527 98 0.131381
528 98 0.131501
529 98 0.131784
529 99 0.131990
530 99 0.132299
530 100 0.132433
531 100 0.132587
532 100 0.132815
533 100 0.133010
534 100 0.133141
535 100 0.133321
536 100 0.133559
537 100 0.133785
538 100 0.133918
539 100 0.134134
540 100 0.134493
540 101 0.134639
541 101 0.134777
542 101 0.134904
543 101 0.135220
544 101 0.135345
545 101 0.135636
545 102 0.135849
546 102 0.136165
547 102 0.136376
548 102 0.136697
549 102 0.136862
550 102 0.137103
551 102 0.137405
552 102 0.137543
553 102 0.137815
554 102 0.137949
554 103 0.138252
555 103 0.138371
556 103 0.138490
557 103 0.138790
558 103 0.139213
559 103 0.139342
560 103 0.139487
561 103 0.139613
562 103 0.139772
563 103 0.139901
564 103 0.140036
565 103 0.140272
566 103 0.140400
566 104 0.140520
567 104 0.140644
568 104 0.140764
569 104 0.140889
570 104 0.141190
571 104 0.141489
572 104 0.141613
573 104 0.141895
574 104 0.142015
575 104 0.142139
576 104 0.142441
576 105 0.142724
576 106 0.143019
577 106 0.143321
578 106 0.143453
579 106 0.143777
580 106 0.143994
581 106 0.144143
581 107 0.144269
582 107 0.144394
583 107 0.144664
584 107 0.144790
585 107 0.145253
586 107 0.145374
587 107 0.145499
588 107 0.145806
588 108 0.146082
589 108 0.146229
590 108 0.146434
591 108 0.146627
592 108 0.146905
593 108 0.147028
593 109 0.147329
593 110 0.147460
594 110 0.147762
595 110 0.147884
596 110 0.148182
597 110 0.148482
597 111 0.148607
598 111 0.148787
599 111 0.148922
599 112 0.149217
599 113 0.149408
600 113 0.149838
600 114 0.150012
600 115 0.150242
601 115 0.150373
602 115 0.150587
603 115 0.150723
603 116 0.151024
604 116 0.151230
605 116 0.151527
605 117 0.151836
606 117 0.152031
607 117 0.152160
608 117 0.152286
608 118 0.152483
608 119 0.152608
608 120 0.152848
609 120 0.153054
610 120 0.153279
611 120 0.153408
612 120 0.153596
613 120 0.153718
614 120 0.153943
614 121 0.154068
614 122 0.154295
615 122 0.154594
615 123 0.154783
616 123 0.154911
616 124 0.155034
617 124 0.155320
618 124 0.155439
619 124 0.155711
620 124 0.155935
621 124 0.156219
622 124 0.156640
623 124 0.156851
624 124 0.157088
625 124 0.157455
626 124 0.157691
627 124 0.157992
628 124 0.158124
629 124 0.158369
630 124 0.158574
631 124 0.158742
632 124 0.159041
633 124 0.159167
634 124 0.159410
635 124 0.159709
636 124 0.159995
636 125 0.160192
636 126 0.160461
637 126 0.160744
638 126 0.161112
638 127 0.161244
638 128 0.161367
639 128 0.161558
640 128 0.161692
640 129 0.161819
641 129 0.162122
641 130 0.162350
641 131 0.162477
641 132 0.162712
641 133 0.162921
641 134 0.163049
641 135 0.163176
641 136 0.163410
642 136 0.163768
642 137 0.164036
642 138 0.164194
643 138 0.164409
644 138 0.164692
645 138 0.164912
646 138 0.165044
647 138 0.165493
648 138 0.165621
649 138 0.165920
650 138 0.166046
651 138 0.166181
652 138 0.166328
653 138 0.166453
654 138 0.166582
655 138 0.166886
656 138 0.167163
657 138 0.167281
658 138 0.167405
659 138 0.167530
660 138 0.167734
660 139 0.168039
661 139 0.168179
662 139 0.168305
663 139 0.168597
663 140 0.168738
664 140 0.168871
665 140 0.169004
666 140 0.169138
667 140 0.169283
668 140 0.169428
669 140 0.169693
670 140 0.169826
671 140 0.169958
672 140 0.170088
673 140 0.170208
674 140 0.170507
675 140 0.170648
676 140 0.170875
677 140 0.171069
677 141 0.171191
678 141 0.171378
679 141 0.171577
680 141 0.171717
681 141 0.171842
682 141 0.171966
683 141 0.172269
684 141 0.172392
685 141 0.172518
686 141 0.172642
687 141 0.172775
688 141 0.172894
689 141 0.173013
690 141 0.173137
691 141 0.173261
692 141 0.173389
693 141 0.173514
694 141 0.173637
694 142 0.173761
695 142 0.173898
696 142 0.174020
697 142 0.174144
698 142 0.174264
699 142 0.174389
700 142 0.174688
701 142 0.174875
702 142 0.175048
702 143 0.175323
703 143 0.175660
703 144 0.175797
704 144 0.176044
705 144 0.176347
706 144 0.176634
706 145 0.176757
707 145 0.177059
708 145 0.177361
709 145 0.177659
710 145 0.177799
711 145 0.178007
712 145 0.178305
713 145 0.178429
713 146 0.178688
714 146 0.178988
715 146 0.179194
716 146 0.179323
716 147 0.179520
716 148 0.179649
716 149 0.179770
716 150 0.179996
717 150 0.180188
718 150 0.180349
719 150 0.180543
720 150 0.180777
721 150 0.181004
721 151 0.181131
721 152 0.181322
721 153 0.181552
721 154 0.181775
721 155 0.181936
721 156 0.182054
721 157 0.182185
721 158 0.182327
721 159 0.182487
722 159 0.182936
723 159 0.183131
724 159 0.183366
725 159 0.183612
726 159 0.183920
726 160 0.184291
726 161 0.184421
726 162 0.184547
726 163 0.184690
727 163 0.184989
728 163 0.185188
729 163 0.185316
729 164 0.185621
729 165 0.185948
729 166 0.186079
729 167 0.186264
729 168 0.186502
729 169 0.186794
730 169 0.187021
731 169 0.187204
732 169 0.187474
733 169 0.187670
734 169 0.187868
735 169 0.188042
736 169 0.188246
737 169 0.188511
738 169 0.188840
739 169 0.189159
740 169 0.189295
741 169 0.189537
742 169 0.189838
743 169 0.189968
744 169 0.190158
745 169 0.190462
746 169 0.190774
747 169 0.190930
748 169 0.191183
749 169 0.191505
750 169 0.191660
751 169 0.191936
751 170 0.192240
752 170 0.192369
752 171 0.192496
753 171 0.192659
754 171 0.192850
755 171 0.192986
755 172 0.193311
755 173 0.193517
756 173 0.193720
756 174 0.193859
757 174 0.194270
758 174 0.194660
759 174 0.195114
760 174 0.195248
761 174 0.195381
761 175 0.195542
762 175 0.195674
763 175 0.195803
763 176 0.196015
763 177 0.196224
764 177 0.196510
765 177 0.196814
766 177 0.196944
767 177 0.197073
768 177 0.197266
768 178 0.197550
769 178 0.197968
770 178 0.198212
771 178 0.198454
772 178 0.198715
772 179 0.198849
773 179 0.198988
774 179 0.199274
775 179 0.199470
775 180 0.199699
776 180 0.199846
777 180 0.199983
778 180 0.200278
779 180 0.200555
780 180 0.200789
780 181 0.201093
781 181 0.201385
782 181 0.201678
783 181 0.201882
784 181 0.202188
784 182 0.202499
785 182 0.202711
786 182 0.202998
787 182 0.203137
787 183 0.203261
788 183 0.203393
788 184 0.203570
789 184 0.203875
790 184 0.204007
791 184 0.204150
792 184 0.204281
793 184 0.204443
794 184 0.204742
795 184 0.204894
796 184 0.205180
797 184 0.205483
798 184 0.205612
799 184 0.205913
799 185 0.206137
800 185 0.206347
801 185 0.206505
802 185 0.206727
803 185 0.206954
804 185 0.207165
805 185 0.207384
806 185 0.207546
806 186 0.207665
807 186 0.207784
808 186 0.207904
809 186 0.208115
810 186 0.208250
811 186 0.208432
812 186 0.208642
813 186 0.208915
814 186 0.209118
1 0 0.000612
2 0 0.000785
3 0 0.001096
4 0 0.001505
5 0 0.001814
6 0 0.002072
7 0 0.002275
8 0 0.002510
9 0 0.002682
10 0 0.003085
11 0 0.003294
12 0 0.003697
13 0 0.004002
14 0 0.004178
15 0 0.004434
16 0 0.004612
17 0 0.004869
18 0 0.005175
19 0 0.005475
20 0 0.005646
21 0 0.005811
22 0 0.006064
23 0 0.006524
24 0 0.006935
25 0 0.007355
26 0 0.007757
27 0 0.008136
28 0 0.008317
29 0 0.008574
30 0 0.008828
31 0 0.008999
32 0 0.009159
33 0 0.009563
34 0 0.009723
35 0 0.009889
36 0 0.010056
37 0 0.010464
38 0 0.010805
39 0 0.011209
40 0 0.011471
41 0 0.011632
42 0 0.011797
43 0 0.011956
44 0 0.012130
45 0 0.012437
46 0 0.012612
47 0 0.013006
48 0 0.013173
49 0 0.013345
50 0 0.013511
51 0 0.013682
52 0 0.013848
53 0 0.014252
54 0 0.014411
55 0 0.014577
56 0 0.014748
57 0 0.015006
58 0 0.015435
59 0 0.015606
60 0 0.015861
61 0 0.016135
62 0 0.016405
63 0 0.016676
63 1 0.016835
64 1 0.017201
64 2 0.017440
64 3 0.017610
65 3 0.017778
65 4 0.017944
66 4 0.018114
66 5 0.018286
66 6 0.018446
66 7 0.018612
66 8 0.018782
67 8 0.018942
68 8 0.019108
68 9 0.019404
69 9 0.019659
69 10 0.020062
69 11 0.020330
70 11 0.020659
71 11 0.020966
72 11 0.021125
73 11 0.021291
74 11 0.021611
75 11 0.021781
76 11 0.022389
77 11 0.022692
78 11 0.023091
78 12 0.023397
79 12 0.023706
80 12 0.023874
81 12 0.024034
82 12 0.024211
83 12 0.024614
84 12 0.024775
85 12 0.025142
86 12 0.025489
87 12 0.025656
88 12 0.025958
89 12 0.026574
90 12 0.027136
91 12 0.027405
92 12 0.027807
93 12 0.027970
94 12 0.028245
95 12 0.028413
96 12 0.028814
97 12 0.029131
98 12 0.029303
99 12 0.029706
100 12 0.029885
101 12 0.030193
102 12 0.030497
103 12 0.030812
104 12 0.030988
105 12 0.031301
106 12 0.031651
107 12 0.031917
108 12 0.032233
108 13 0.032541
108 14 0.032707
108 15 0.032982
109 15 0.033337
109 16 0.033502
109 17 0.033678
110 17 0.033985
110 18 0.034366
110 19 0.034527
111 19 0.034721
112 19 0.034913
112 20 0.035170
113 20 0.035446
113 21 0.035608
113 22 0.035889
114 22 0.036122
115 22 0.036524
116 22 0.036788
117 22 0.037050
118 22 0.037354
119 22 0.037815
120 22 0.038136
121 22 0.038306
121 23 0.038609
121 24 0.038832
122 24 0.039056
122 25 0.039358
122 26 0.039635
122 27 0.039804
122 28 0.040059
123 28 0.040669
123 29 0.040944
123 30 0.041234
123 31 0.041513
124 31 0.041774
124 32 0.042138
124 33 0.042315
125 33 0.042497
126 33 0.042844
127 33 0.043073
127 34 0.043344
128 34 0.043617
129 34 0.043875
130 34 0.044477
131 34 0.044843
132 34 0.045222
133 34 0.045483
133 35 0.046088
133 36 0.046421
134 36 0.046808
135 36 0.047211
136 36 0.047381
137 36 0.047550
137 37 0.047716
138 37 0.047986
139 37 0.048334
139 38 0.048519
140 38 0.048784
141 38 0.049186
142 38 0.049614
143 38 0.049792
144 38 0.050108
145 38 0.050382
145 39 0.050867
146 39 0.051139
147 39 0.051406
148 39 0.051674
149 39 0.051935
150 39 0.052112
151 39 0.052483
152 39 0.052789
153 39 0.052961
154 39 0.053265
155 39 0.053568
156 39 0.053883
157 39 0.054290
158 39 0.054692
159 39 0.055092
160 39 0.055455
161 39 0.055759
162 39 0.055935
163 39 0.056095
164 39 0.056256
165 39 0.056417
166 39 0.056584
167 39 0.056947
168 39 0.057345
169 39 0.057648
170 39 0.057950
171 39 0.058111
172 39 0.058277
173 39 0.058448
174 39 0.058850
175 39 0.059108
176 39 0.059425
176 40 0.059599
177 40 0.059983
178 40 0.060262
179 40 0.060514
180 40 0.060686
181 40 0.060853
181 41 0.061135
182 41 0.061367
183 41 0.061544
183 42 0.061848
183 43 0.062242
184 43 0.062495
184 44 0.062877
184 45 0.063148
185 45 0.063401
186 45 0.063585
187 45 0.064180
187 46 0.064486
187 47 0.064893
187 48 0.065175
187 49 0.065478
187 50 0.065650
188 50 0.065898
189 50 0.066157
189 51 0.066329
189 52 0.066740
190 52 0.067045
191 52 0.067451
192 52 0.067625
193 52 0.067932
194 52 0.068254
195 52 0.068422
195 53 0.068839
196 53 0.069224
197 53 0.069485
198 53 0.069751
199 53 0.069937
200 53 0.070372
201 53 0.070542
202 53 0.070840
203 53 0.071461
204 53 0.071943
205 53 0.072202
206 53 0.072583
207 53 0.072858
208 53 0.073464
209 53 0.073629
210 53 0.073823
211 53 0.074149
212 53 0.074413
213 53 0.074666
214 53 0.074841
215 53 0.075232
216 53 0.075514
217 53 0.075835
218 53 0.076106
219 53 0.076494
220 53 0.076658
221 53 0.077226
222 53 0.077506
223 53 0.078113
224 53 0.078352
225 53 0.078522
226 53 0.078796
227 53 0.079103
228 53 0.079486
229 53 0.079799
230 53 0.080184
231 53 0.080586
232 53 0.080855
233 53 0.081452
234 53 0.081710
235 53 0.081882
236 53 0.082057
237 53 0.082441
238 53 0.083038
239 53 0.083296
240 53 0.083471
240 54 0.083855
240 55 0.084118
241 55 0.084386
242 55 0.084769
243 55 0.084944
244 55 0.085230
244 56 0.085574
245 56 0.085736
246 56 0.085901
246 57 0.086077
246 58 0.086680
247 58 0.086954
248 58 0.087321
249 58 0.087725
250 58 0.087985
251 58 0.088247
252 58 0.088629
253 58 0.088938
254 58 0.089339
255 58 0.089502
256 58 0.089775
257 58 0.090154
258 58 0.090321
259 58 0.090629
260 58 0.090908
261 58 0.091161
262 58 0.091335
263 58 0.091736
264 58 0.091946
265 58 0.092118
266 58 0.092375
267 58 0.092753
268 58 0.093139
269 58 0.093335
270 58 0.093504
271 58 0.093765
272 58 0.093974
273 58 0.094575
274 58 0.094863
275 58 0.095139
276 58 0.095540
277 58 0.095716
278 58 0.096131
279 58 0.096292
280 58 0.096557
281 58 0.096731
282 58 0.096892
283 58 0.097168
284 58 0.097330
285 58 0.097743
285 59 0.098089
286 59 0.098395
287 59 0.098672
288 59 0.098834
288 60 0.099158
289 60 0.099320
290 60 0.099493
291 60 0.099808
292 60 0.100083
293 60 0.100242
294 60 0.100408
295 60 0.100619
296 60 0.101034
297 60 0.101339
297 61 0.101611
298 61 0.101974
299 61 0.102377
300 61 0.102541
301 61 0.102810
302 61 0.103214
303 61 0.103611
304 61 0.103773
305 61 0.104028
306 61 0.104429
307 61 0.104597
308 61 0.104873
309 61 0.105141
310 61 0.105506
311 61 0.105834
312 61 0.105996
313 61 0.106169
314 61 0.106474
315 61 0.106655
316 61 0.106931
317 61 0.107314
318 61 0.107571
319 61 0.107977
320 61 0.108137
321 61 0.108414
322 61 0.108661
323 61 0.108965
324 61 0.109221
325 61 0.109482
326 61 0.109870
327 61 0.110173
327 62 0.110491
327 63 0.111088
328 63 0.111445
328 64 0.111606
329 64 0.112032
330 64 0.112211
331 64 0.112515
331 65 0.112895
332 65 0.113196
332 66 0.113613
333 66 0.113774
334 66 0.114079
335 66 0.114384
336 66 0.114556
337 66 0.114964
338 66 0.115126
339 66 0.115287
340 66 0.115805
341 66 0.115967
342 66 0.116138
343 66 0.116544
344 66 0.116707
345 66 0.117112
346 66 0.117274
347 66 0.117446
348 66 0.117621
349 66 0.118028
350 66 0.118372
351 66 0.118717
352 66 0.119021
353 66 0.119194
354 66 0.119354
355 66 0.119512
356 66 0.119916
357 66 0.120321
358 66 0.120628
359 66 0.121013
360 66 0.121316
361 66 0.121663
362 66 0.121974
362 67 0.122161
363 67 0.122329
364 67 0.122498
365 67 0.122669
365 68 0.122934
366 68 0.123313
367 68 0.123660
368 68 0.124066
369 68 0.124469
370 68 0.124851
370 69 0.125019
371 69 0.125405
371 70 0.125568
372 70 0.125972
373 70 0.126299
374 70 0.126704
375 70 0.127105
376 70 0.127377
377 70 0.127773
378 70 0.127936
379 70 0.128123
380 70 0.128534
380 71 0.128932
381 71 0.129184
382 71 0.129598
383 71 0.130006
384 71 0.130224
385 71 0.130533
385 72 0.130933
385 73 0.131189
386 73 0.131363
387 73 0.131968
388 73 0.132351
389 73 0.132961
390 73 0.133561
391 73 0.133739
392 73 0.134141
392 74 0.134508
393 74 0.134905
394 74 0.135080
395 74 0.135453
396 74 0.135713
397 74 0.136243
398 74 0.136618
399 74 0.137022
399 75 0.137355
400 75 0.137612
401 75 0.138017
402 75 0.138416
403 75 0.138816
404 75 0.139120
405 75 0.139461
406 75 0.139764
407 75 0.139923
408 75 0.140345
409 75 0.140513
410 75 0.140918
411 75 0.141123
412 75 0.141524
413 75 0.141954
414 75 0.142217
415 75 0.142475
416 75 0.142879
417 75 0.143258
418 75 0.143431
419 75 0.143753
420 75 0.143926
420 76 0.144243
421 76 0.144427
422 76 0.144613
423 76 0.144926
424 76 0.145089
425 76 0.145394
425 77 0.145703
426 77 0.146007
427 77 0.146172
428 77 0.146404
428 78 0.146569
429 78 0.146833
430 78 0.147095
431 78 0.147404
432 78 0.147809
433 78 0.147971
434 78 0.148306
435 78 0.148720
436 78 0.149028
437 78 0.149432
437 79 0.149599
438 79 0.149875
439 79 0.150294
439 80 0.150460
440 80 0.150793
441 80 0.150962
442 80 0.151386
443 80 0.151654
443 81 0.151971
444 81 0.152225
445 81 0.152488
446 81 0.152749
447 81 0.153158
448 81 0.153333
449 81 0.153696
450 81 0.154096
451 81 0.154375
452 81 0.154762
453 81 0.155125
454 81 0.155528
455 81 0.155898
456 81 0.156211
457 81 0.156577
458 81 0.156856
459 81 0.157270
460 81 0.157633
461 81 0.158033
462 81 0.158207
463 81 0.158381
464 81 0.158810
465 81 0.159086
465 82 0.159248
466 82 0.159509
467 82 0.159840
468 82 0.160248
469 82 0.160505
470 82 0.160810
471 82 0.161113
472 82 0.161415
472 83 0.161576
473 83 0.161883
474 83 0.162052
475 83 0.162355
476 83 0.162515
477 83 0.162920
478 83 0.163339
478 84 0.163745
479 84 0.164135
480 84 0.164389
481 84 0.164549
482 84 0.164719
483 84 0.165002
484 84 0.165165
485 84 0.165332
486 84 0.165696
487 84 0.165854
488 84 0.166019
489 84 0.166177
490 84 0.166343
491 84 0.166747
492 84 0.167077
493 84 0.167459
493 85 0.167774
494 85 0.168379
495 85 0.168837
496 85 0.169009
497 85 0.169271
498 85 0.169429
499 85 0.169691
500 85 0.169993
501 85 0.170251
502 85 0.170647
503 85 0.170907
504 85 0.171080
505 85 0.171246
506 85 0.171412
507 85 0.171672
508 85 0.171841
509 85 0.172003
510 85 0.172171
511 85 0.172653
512 85 0.172819
513 85 0.172991
513 86 0.173171
514 86 0.173426
515 86 0.173596
515 87 0.173888
516 87 0.174071
517 87 0.174231
518 87 0.174648
518 88 0.174808
519 88 0.174995
520 88 0.175165
521 88 0.175468
522 88 0.175637
523 88 0.176039
524 88 0.176450
525 88 0.176617
526 88 0.177018
527 88 0.177423
528 88 0.177584
528 89 0.177780
529 89 0.177942
530 89 0.178201
531 89 0.178509
532 89 0.178838
533 89 0.178999
534 89 0.179168
535 89 0.179410
536 89 0.179605
537 89 0.179841
538 89 0.180053
538 90 0.180341
539 90 0.180741
540 90 0.181146
541 90 0.181448
542 90 0.181782
543 90 0.181949
544 90 0.182320
545 90 0.182587
546 90 0.182854
547 90 0.183268
548 90 0.183574
549 90 0.183746
550 90 0.184126
550 91 0.184431
551 91 0.184688
552 91 0.185089
553 91 0.185693
554 91 0.186298
555 91 0.186903
555 92 0.187069
556 92 0.187376
557 92 0.187543
558 92 0.187922
559 92 0.188110
560 92 0.188492
561 92 0.188662
562 92 0.189065
563 92 0.189445
564 92 0.189620
564 93 0.189787
565 93 0.189946
566 93 0.190319
567 93 0.190479
568 93 0.190787
569 93 0.190948
570 93 0.191109
571 93 0.191279
572 93 0.191448
573 93 0.191614
574 93 0.191780
575 93 0.191947
576 93 0.192351
576 94 0.192538
577 94 0.192724
578 94 0.193129
579 94 0.193544
580 94 0.193928
581 94 0.194188
582 94 0.194569
583 94 0.194729
584 94 0.194889
585 94 0.195059
586 94 0.195467
587 94 0.195865
587 95 0.196044
588 95 0.196416
589 95 0.196764
590 95 0.196935
591 95 0.197109
592 95 0.197561
592 96 0.197727
593 96 0.197902
594 96 0.198071
595 96 0.198472
596 96 0.198918
597 96 0.199172
598 96 0.199432
599 96 0.199602
599 97 0.199905
600 97 0.200160
601 97 0.200540
602 97 0.200712
603 97 0.201113
604 97 0.201279
604 98 0.201627
604 99 0.201789
605 99 0.201962
606 99 0.202366
607 99 0.202538
608 99 0.202947
608 100 0.203117
609 100 0.203476
610 100 0.203718
610 101 0.203888
610 102 0.204047
611 102 0.204449
611 103 0.204713
611 104 0.204880
612 104 0.205192
613 104 0.205458
614 104 0.205734
614 105 0.206345
615 105 0.206760
616 105 0.207163
616 106 0.207548
617 106 0.207781
618 106 0.208164
619 106 0.208327
619 107 0.208650
619 108 0.209060
619 109 0.209233
620 109 0.209580
621 109 0.209743
622 109 0.210358
623 109 0.210528
624 109 0.210789
625 109 0.210951
625 110 0.211134
625 111 0.211519
626 111 0.211778
626 112 0.212157
627 112 0.212557
627 113 0.213159
628 113 0.213330
629 113 0.213729
630 113 0.214044
631 113 0.214259
632 113 0.214525
633 113 0.214856
634 113 0.215266
635 113 0.215664
636 113 0.215827
637 113 0.215996
638 113 0.216377
639 113 0.216776
640 113 0.217052
641 113 0.217260
642 113 0.217510
643 113 0.217915
644 113 0.218317
645 113 0.218716
646 113 0.219116
647 113 0.219518
647 114 0.219686
647 115 0.219955
648 115 0.220214
649 115 0.220698
649 116 0.220957
649 117 0.221219
649 118 0.221823
650 118 0.222038
650 119 0.222225
651 119 0.222395
651 120 0.222573
651 121 0.222955
651 122 0.223258
651 123 0.223677
651 124 0.223864
652 124 0.224172
652 125 0.224578
653 125 0.224980
653 126 0.225379
653 127 0.225644
654 127 0.226243
655 127 0.226617
656 127 0.226916
657 127 0.227218
658 127 0.227567
659 127 0.227950
660 127 0.228227
661 127 0.228475
662 127 0.228661
663 127 0.228861
664 127 0.229261
665 127 0.229511
666 127 0.229874
667 127 0.230279
668 127 0.230451
669 127 0.230629
670 127 0.230799
671 127 0.230965
672 127 0.231138
673 127 0.231312
674 127 0.231483
675 127 0.231655
675 128 0.232222
676 128 0.232625
677 128 0.232804
678 128 0.233400
679 128 0.233766
680 128 0.234374
681 128 0.234549
682 128 0.234800
683 128 0.235071
684 128 0.235231
685 128 0.235417
686 128 0.235588
687 128 0.235996
688 128 0.236163
689 128 0.236533
690 128 0.236801
691 128 0.236979
692 128 0.237152
693 128 0.237425
694 128 0.237756
695 128 0.238016
696 128 0.238183
697 128 0.238475
698 128 0.238877
699 128 0.239045
700 128 0.239301
701 128 0.239463
702 128 0.239638
703 128 0.239808
704 128 0.239975
705 128 0.240237
706 128 0.240645
707 128 0.240815
707 129 0.240987
708 129 0.241168
709 129 0.241514
710 129 0.241690
711 129 0.241861
712 129 0.242021
713 129 0.242427
714 129 0.242824
715 129 0.243026
715 130 0.243407
716 130 0.243610
717 130 0.243977
718 130 0.244388
719 130 0.244595
720 130 0.244993
720 131 0.245392
721 131 0.245793
722 131 0.246196
723 131 0.246380
724 131 0.246743
725 131 0.247141
726 131 0.247305
727 131 0.247708
727 132 0.248110
728 132 0.248332
729 132 0.248642
730 132 0.248843
731 132 0.249146
731 133 0.249417
731 134 0.249673
731 135 0.250105
732 135 0.250489
733 135 0.250650
734 135 0.250821
734 136 0.251079
735 136 0.251245
735 137 0.251432
735 138 0.251735
735 139 0.251929
735 140 0.252274
735 141 0.252446
735 142 0.252623
735 143 0.252812
735 144 0.253432
735 145 0.253632
736 145 0.253992
737 145 0.254152
738 145 0.254496
739 145 0.254896
740 145 0.255164
740 146 0.255566
740 147 0.255910
740 148 0.256311
740 149 0.256670
741 149 0.256924
742 149 0.257112
743 149 0.257536
743 150 0.257923
743 151 0.258329
743 152 0.258508
743 153 0.258898
743 154 0.259120
743 155 0.259397
744 155 0.259610
745 155 0.259880
746 155 0.260132
747 155 0.260688
748 155 0.260942
749 155 0.261246
750 155 0.261416
751 155 0.261584
752 155 0.261782
753 155 0.262173
754 155 0.262569
755 155 0.262824
756 155 0.263084
757 155 0.263694
758 155 0.263966
759 155 0.264481
760 155 0.264724
761 155 0.265108
762 155 0.265278
763 155 0.265547
764 155 0.265815
765 155 0.266051
765 156 0.266310
766 156 0.266485
767 156 0.266755
768 156 0.267060
769 156 0.267381
770 156 0.267634
771 156 0.267963
771 157 0.268280
772 157 0.268504
772 158 0.268763
773 158 0.269032
774 158 0.269306
775 158 0.269476
776 158 0.269683
776 159 0.269951
776 160 0.270225
777 160 0.270454
777 161 0.270710
778 161 0.270882
778 162 0.271260
779 162 0.271510
780 162 0.271779
780 163 0.272081
781 163 0.272380
782 163 0.272708
782 164 0.272874
783 164 0.273044
784 164 0.273286
785 164 0.273684
786 164 0.274084
786 165 0.274357
787 165 0.274760
788 165 0.275020
789 165 0.275323
789 166 0.275655
790 166 0.275826
791 166 0.275997
792 166 0.276404
793 166 0.276803
794 166 0.276974
794 167 0.277273
795 167 0.277591
795 168 0.277761
796 168 0.278106
797 168 0.278392
797 169 0.278649
798 169 0.278948
799 169 0.279120
800 169 0.279421
800 170 0.279687
801 170 0.279852
801 171 0.280263
802 171 0.280440
802 172 0.280674
803 172 0.281078
803 173 0.281477
804 173 0.281781
805 173 0.281954
806 173 0.282189
807 173 0.282531
808 173 0.282790
809 173 0.283103
810 173 0.283355
810 174 0.283759
811 174 0.284219
812 174 0.284564
813 174 0.284736
814 174 0.284907
815 174 0.285078
816 174 0.285466
816 175 0.285636
816 176 0.285805
817 176 0.286107
818 176 0.286343
819 176 0.286604
820 176 0.287005
821 176 0.287265
822 176 0.287609
823 176 0.288009
824 176 0.288181
