1024 0.0052694000000000005
2048 0.006904499999999999
3072 0.010826
4096 0.012251500000000002
5120 0.0161079
6144 0.020138800000000002
7168 0.0200371
8192 0.0248368
9216 0.0236838
10240 0.0247371
11264 0.022108499999999996
12288 0.022258299999999998
13312 0.0278325
14336 0.026053399999999997
15360 0.028339399999999997
16384 0.0303859
17408 0.0308112
18432 0.0312573
19456 0.0350904
20480 0.0359116
21504 0.0366148
22528 0.03735229999999999
23552 0.040201
24576 0.0465999
25600 0.043269199999999994
26624 0.0475359
27648 0.0476364
28672 0.04887910000000001
29696 0.04877930000000001
30720 0.0503948
31744 0.05225609999999999
32768 0.0595233
33792 0.055248399999999996
34816 0.0591167
35840 0.0595575
36864 0.06226279999999999
37888 0.0647032
38912 0.0640342
39936 0.06608870000000001
40960 0.0749801
41984 0.0691286
43008 0.07133579999999999
44032 0.07489969999999999
45056 0.08018850000000001
46080 0.0776337
47104 0.0775385
48128 0.0795802
49152 0.0904347
50176 0.0835383
51200 0.08870340000000002
52224 0.08915569999999999
53248 0.0903901
54272 0.0917111
55296 0.09102469999999999
56320 0.09289290000000001
57344 0.10668059999999999
58368 0.09576979999999999
59392 0.0991663
60416 0.09905779999999999
61440 0.1043995
62464 0.10292489999999999
63488 0.10461830000000001
64512 0.10604099999999998
65536 0.12001899999999999
66560 0.10935239999999999
67584 0.11120830000000001
68608 0.1128045
69632 0.11792260000000002
70656 0.1203214
71680 0.1176747
72704 0.11925149999999998
73728 0.1391152
74752 0.12283019999999997
75776 0.12452459999999999
76800 0.12689609999999998
77824 0.13180229999999998
78848 0.12953200000000004
79872 0.1313591
80896 0.1326437
81920 0.14985310000000002
82944 0.13663789999999998
83968 0.1383687
84992 0.1394735
86016 0.14742779999999997
87040 0.14288050000000002
88064 0.1446697
89088 0.1467298
90112 0.16427719999999998
91136 0.1497554
92160 0.1512041
93184 0.15310959999999998
94208 0.15986160000000002
95232 0.15668379999999998
96256 0.1582342
97280 0.16046529999999998
98304 0.1791105
99328 0.16395120000000002
100352 0.1651667
101376 0.1663036
102400 0.17622520000000003
103424 0.16979360000000002
104448 0.17130439999999997
105472 0.173341
106496 0.1944356
107520 0.17670149999999998
108544 0.1783475
109568 0.1804757
110592 0.1875716
111616 0.1831957
112640 0.18463480000000002
113664 0.1869259
114688 0.2093936
115712 0.1904833
116736 0.1917468
117760 0.19365380000000004
118784 0.20187539999999998
119808 0.19693970000000002
120832 0.19879069999999996
121856 0.19992050000000003
122880 0.22474059999999998
123904 0.20370399999999997
124928 0.2054026
125952 0.20744969999999996
126976 0.2150785
128000 0.20978080000000002
129024 0.2118372
130048 0.21356999999999998
131072 0.2394751
